10/01/2023 11:47:22:600  INFO - Node Entry | session id:sess848133 | ELibrary:Start | Framework | Start |  |  | 
10/01/2023 11:47:23:385  INFO - Node Entry | session id:sess848133 | ELibrary:Welcome | Framework | Welcome |  |  | undefined
10/01/2023 11:47:23:405  INFO - Start | session id:sess848133 | ELibrary:Welcome | wecome start | Welcome Announcement start |  |  | undefined
10/01/2023 11:47:23:405  INFO - In Progress | session id:sess848133 | ELibrary:Welcome | Welcome | Welcome Announcement Stop |  |  | undefined
10/01/2023 11:47:29:707  INFO - Node Entry | session id:sess848133 | ELibrary:langMenu | Framework | langMenu |  |  | undefined
10/01/2023 11:47:52:890  INFO - Node Entry | session id:sess848133 | ELibrary:Exist | Framework | Exist |  |  | undefined
10/01/2023 11:47:52:968  INFO - Node Entry | session id:sess848133 | ELibrary:ExistUser-Begin | Framework | ExistUser-Begin |  |  | undefined
10/01/2023 11:47:53:031  INFO - Node Entry | session id:sess848133 | ELibrary:ExistUser-userId | Framework | ExistUser-userId |  |  | undefined
10/01/2023 11:47:57:812  INFO - Node Entry | session id:sess848133 | ELibrary:ExistUser-userIdVerify | Framework | ExistUser-userIdVerify | userId___utterance | 111111^0.949999988079071^0^0 | undefined
10/01/2023 11:48:08:410  INFO - Node Entry | session id:sess848133 | ELibrary:ExistUser-userIdCheck | Framework | ExistUser-userIdCheck |  |  | undefined
10/01/2023 11:48:08:474  INFO - Node Entry | session id:sess848133 | ELibrary:ExistUser-password | Framework | ExistUser-password |  |  | undefined
10/01/2023 11:48:14:990  INFO - Node Entry | session id:sess848133 | ELibrary:ExistUser-passwordVerify | Framework | ExistUser-passwordVerify | password___utterance | 1111^0.949999988079071^0^0 | undefined
10/01/2023 11:48:15:905  INFO - Node Entry | session id:sess848133 | ELibrary:ExistUser-passCheck | Framework | ExistUser-passCheck |  |  | undefined
10/01/2023 11:48:15:966  INFO - Node Entry | session id:sess848133 | ELibrary:ExistUser-CartFlow | Framework | ExistUser-CartFlow |  |  | undefined
10/01/2023 11:48:16:029  INFO - Node Entry | session id:sess848133 | ELibrary:CartMenuFlow-Begin | Framework | CartMenuFlow-Begin |  |  | undefined
10/01/2023 11:48:16:092  INFO - Node Entry | session id:sess848133 | ELibrary:CartMenuFlow-CartMenu | Framework | CartMenuFlow-CartMenu |  |  | undefined
10/01/2023 11:50:48:399  INFO - Node Entry | session id:sess6234590 | ELibrary:Start | Framework | Start |  |  | 
10/01/2023 11:50:48:767  INFO - Node Entry | session id:sess6234590 | ELibrary:Welcome | Framework | Welcome |  |  | undefined
10/01/2023 11:50:48:793  INFO - Start | session id:sess6234590 | ELibrary:Welcome | wecome start | Welcome Announcement start |  |  | undefined
10/01/2023 11:50:48:794  INFO - In Progress | session id:sess6234590 | ELibrary:Welcome | Welcome | Welcome Announcement Stop |  |  | undefined
10/01/2023 11:50:54:743  INFO - Node Entry | session id:sess6234590 | ELibrary:langMenu | Framework | langMenu |  |  | undefined
10/01/2023 11:50:56:501  INFO - Node Entry | session id:sess6234590 | ELibrary:Exist | Framework | Exist |  |  | undefined
10/01/2023 11:50:56:564  INFO - Node Entry | session id:sess6234590 | ELibrary:ExistUser-Begin | Framework | ExistUser-Begin |  |  | undefined
10/01/2023 11:50:56:626  INFO - Node Entry | session id:sess6234590 | ELibrary:ExistUser-userId | Framework | ExistUser-userId |  |  | undefined
10/01/2023 11:51:01:071  INFO - Node Entry | session id:sess6234590 | ELibrary:ExistUser-userIdVerify | Framework | ExistUser-userIdVerify | userId___utterance | 111111^0.949999988079071^0^0 | undefined
10/01/2023 11:51:02:381  INFO - Node Entry | session id:sess6234590 | ELibrary:ExistUser-userIdCheck | Framework | ExistUser-userIdCheck |  |  | undefined
10/01/2023 11:51:02:444  INFO - Node Entry | session id:sess6234590 | ELibrary:ExistUser-password | Framework | ExistUser-password |  |  | undefined
10/01/2023 11:51:06:572  INFO - Node Entry | session id:sess6234590 | ELibrary:ExistUser-passwordVerify | Framework | ExistUser-passwordVerify | password___utterance | 1256^0.949999988079071^0^0 | undefined
10/01/2023 11:51:07:407  INFO - Node Entry | session id:sess6234590 | ELibrary:ExistUser-passCheck | Framework | ExistUser-passCheck |  |  | undefined
10/01/2023 11:51:07:468  INFO - Node Entry | session id:sess6234590 | ELibrary:ExistUser-CartFlow | Framework | ExistUser-CartFlow |  |  | undefined
10/01/2023 11:51:07:532  INFO - Node Entry | session id:sess6234590 | ELibrary:CartMenuFlow-Begin | Framework | CartMenuFlow-Begin |  |  | undefined
10/01/2023 11:51:07:671  INFO - Node Entry | session id:sess6234590 | ELibrary:CartMenuFlow-CartMenu | Framework | CartMenuFlow-CartMenu |  |  | undefined
10/01/2023 11:56:32:880  INFO - Node Entry | session id:sess5883731 | ELibrary:Start | Framework | Start |  |  | 
10/01/2023 11:56:33:168  INFO - Node Entry | session id:sess5883731 | ELibrary:Welcome | Framework | Welcome |  |  | undefined
10/01/2023 11:56:33:218  INFO - Start | session id:sess5883731 | ELibrary:Welcome | wecome start | Welcome Announcement start |  |  | undefined
10/01/2023 11:56:33:218  INFO - In Progress | session id:sess5883731 | ELibrary:Welcome | Welcome | Welcome Announcement Stop |  |  | undefined
10/01/2023 11:56:39:044  INFO - Node Entry | session id:sess5883731 | ELibrary:langMenu | Framework | langMenu |  |  | undefined
10/01/2023 11:56:43:347  INFO - Node Entry | session id:sess5883731 | ELibrary:Exist | Framework | Exist |  |  | undefined
10/01/2023 11:56:43:410  INFO - Node Entry | session id:sess5883731 | ELibrary:ExistUser-Begin | Framework | ExistUser-Begin |  |  | undefined
10/01/2023 11:56:43:474  INFO - Node Entry | session id:sess5883731 | ELibrary:ExistUser-userId | Framework | ExistUser-userId |  |  | undefined
10/01/2023 11:56:48:121  INFO - Node Entry | session id:sess5883731 | ELibrary:ExistUser-userIdVerify | Framework | ExistUser-userIdVerify | userId___utterance | 111123^0.949999988079071^0^0 | undefined
10/01/2023 11:56:49:805  INFO - Node Entry | session id:sess5883731 | ELibrary:ExistUser-userIdCheck | Framework | ExistUser-userIdCheck |  |  | undefined
10/01/2023 11:56:49:868  INFO - Node Entry | session id:sess5883731 | ELibrary:ExistUser-password | Framework | ExistUser-password |  |  | undefined
10/01/2023 12:03:56:600  INFO - Node Entry | session id:sess2623619 | ELibrary:Start | Framework | Start |  |  | 
10/01/2023 12:03:57:294  INFO - Node Entry | session id:sess2623619 | ELibrary:Welcome | Framework | Welcome |  |  | undefined
10/01/2023 12:03:57:330  INFO - Start | session id:sess2623619 | ELibrary:Welcome | wecome start | Welcome Announcement start |  |  | undefined
10/01/2023 12:03:57:330  INFO - In Progress | session id:sess2623619 | ELibrary:Welcome | Welcome | Welcome Announcement Stop |  |  | undefined
10/01/2023 12:04:03:160  INFO - Node Entry | session id:sess2623619 | ELibrary:langMenu | Framework | langMenu |  |  | undefined
10/01/2023 12:04:04:881  INFO - Node Entry | session id:sess2623619 | ELibrary:Exist | Framework | Exist |  |  | undefined
10/01/2023 12:04:04:991  INFO - Node Entry | session id:sess2623619 | ELibrary:ExistUser-Begin | Framework | ExistUser-Begin |  |  | undefined
10/01/2023 12:04:05:053  INFO - Node Entry | session id:sess2623619 | ELibrary:ExistUser-userId | Framework | ExistUser-userId |  |  | undefined
10/01/2023 12:04:11:139  INFO - Node Entry | session id:sess2623619 | ELibrary:ExistUser-userIdVerify | Framework | ExistUser-userIdVerify | userId___utterance | 123658^0.949999988079071^0^0 | undefined
10/01/2023 12:04:11:617  INFO - Node Entry | session id:sess2623619 | ELibrary:ExistUser-userIdCheck | Framework | ExistUser-userIdCheck |  |  | undefined
10/01/2023 12:04:11:679  INFO - Node Entry | session id:sess2623619 | ELibrary:ExistUser-password | Framework | ExistUser-password |  |  | undefined
10/01/2023 12:04:21:951  INFO - Node Entry | session id:sess2623619 | ELibrary:ExistUser-passwordVerify | Framework | ExistUser-passwordVerify | password___utterance | 2365^0.949999988079071^0^0 | undefined
10/01/2023 12:04:22:135  INFO - Node Entry | session id:sess2623619 | ELibrary:ExistUser-passCheck | Framework | ExistUser-passCheck |  |  | undefined
10/01/2023 12:04:22:197  INFO - Node Entry | session id:sess2623619 | ELibrary:ExistUser-CartFlow | Framework | ExistUser-CartFlow |  |  | undefined
10/01/2023 12:04:22:260  INFO - Node Entry | session id:sess2623619 | ELibrary:CartMenuFlow-Begin | Framework | CartMenuFlow-Begin |  |  | undefined
10/01/2023 12:04:22:321  INFO - Node Entry | session id:sess2623619 | ELibrary:CartMenuFlow-CartMenu | Framework | CartMenuFlow-CartMenu |  |  | undefined
10/01/2023 12:13:39:427  INFO - Node Entry | session id:sess498199 | ELibrary:Start | Framework | Start |  |  | 
10/01/2023 12:13:39:862  INFO - Node Entry | session id:sess498199 | ELibrary:Welcome | Framework | Welcome |  |  | undefined
10/01/2023 12:13:39:917  INFO - Start | session id:sess498199 | ELibrary:Welcome | wecome start | Welcome Announcement start |  |  | undefined
10/01/2023 12:13:39:917  INFO - In Progress | session id:sess498199 | ELibrary:Welcome | Welcome | Welcome Announcement Stop |  |  | undefined
10/01/2023 12:13:45:960  INFO - Node Entry | session id:sess498199 | ELibrary:langMenu | Framework | langMenu |  |  | undefined
10/01/2023 12:13:48:416  INFO - Node Entry | session id:sess498199 | ELibrary:Exist | Framework | Exist |  |  | undefined
10/01/2023 12:13:48:478  INFO - Node Entry | session id:sess498199 | ELibrary:ExistUser-Begin | Framework | ExistUser-Begin |  |  | undefined
10/01/2023 12:13:48:540  INFO - Node Entry | session id:sess498199 | ELibrary:ExistUser-userId | Framework | ExistUser-userId |  |  | undefined
10/01/2023 12:13:59:551  INFO - Node Entry | session id:sess498199 | ELibrary:ExistUser-userIdVerify | Framework | ExistUser-userIdVerify | userId___utterance | 123658^0.949999988079071^0^1 | undefined
10/01/2023 12:14:01:013  INFO - Node Entry | session id:sess498199 | ELibrary:ExistUser-userIdCheck | Framework | ExistUser-userIdCheck |  |  | undefined
10/01/2023 12:14:01:076  INFO - Node Entry | session id:sess498199 | ELibrary:ExistUser-password | Framework | ExistUser-password |  |  | undefined
10/01/2023 12:14:05:879  INFO - Node Entry | session id:sess498199 | ELibrary:ExistUser-passwordVerify | Framework | ExistUser-passwordVerify | password___utterance | 5698^0.949999988079071^0^0 | undefined
10/01/2023 12:14:07:029  INFO - Node Entry | session id:sess498199 | ELibrary:ExistUser-passCheck | Framework | ExistUser-passCheck |  |  | undefined
10/01/2023 12:14:07:092  INFO - Node Entry | session id:sess498199 | ELibrary:ExistUser-CartFlow | Framework | ExistUser-CartFlow |  |  | undefined
10/01/2023 12:14:07:153  INFO - Node Entry | session id:sess498199 | ELibrary:CartMenuFlow-Begin | Framework | CartMenuFlow-Begin |  |  | undefined
10/01/2023 12:14:07:213  INFO - Node Entry | session id:sess498199 | ELibrary:CartMenuFlow-CartMenu | Framework | CartMenuFlow-CartMenu |  |  | undefined
10/01/2023 12:20:44:755  INFO - Node Entry | session id:sess9061636 | ELibrary:Start | Framework | Start |  |  | 
10/01/2023 12:20:45:048  INFO - Node Entry | session id:sess9061636 | ELibrary:Welcome | Framework | Welcome |  |  | undefined
10/01/2023 12:20:45:072  INFO - Start | session id:sess9061636 | ELibrary:Welcome | wecome start | Welcome Announcement start |  |  | undefined
10/01/2023 12:20:45:072  INFO - In Progress | session id:sess9061636 | ELibrary:Welcome | Welcome | Welcome Announcement Stop |  |  | undefined
10/01/2023 12:20:50:927  INFO - Node Entry | session id:sess9061636 | ELibrary:langMenu | Framework | langMenu |  |  | undefined
10/01/2023 12:20:53:138  INFO - Node Entry | session id:sess9061636 | ELibrary:Exist | Framework | Exist |  |  | undefined
10/01/2023 12:20:53:214  INFO - Node Entry | session id:sess9061636 | ELibrary:ExistUser-Begin | Framework | ExistUser-Begin |  |  | undefined
10/01/2023 12:20:53:277  INFO - Node Entry | session id:sess9061636 | ELibrary:ExistUser-userId | Framework | ExistUser-userId |  |  | undefined
10/01/2023 12:20:57:450  INFO - Node Entry | session id:sess9061636 | ELibrary:ExistUser-userIdVerify | Framework | ExistUser-userIdVerify | userId___utterance | 123654^0.949999988079071^0^0 | undefined
10/01/2023 12:21:12:488  INFO - Node Entry | session id:sess9061636 | ELibrary:badfetchData | Framework | badfetchData |  |  | undefined
10/01/2023 12:21:12:550  INFO - Node Entry | session id:sess9061636 | ELibrary:CallDisconnect | Framework | CallDisconnect |  |  | undefined
10/01/2023 12:21:16:226  INFO - Node Entry | session id:sess9061636 | ELibrary:ivrInfoData | Framework | ivrInfoData |  | ^^0^0 | undefined
10/01/2023 12:21:16:289  INFO - Node Entry | session id:sess9061636 | ELibrary:Exit | Framework | Exit |  |  | undefined
10/01/2023 12:21:16:296  INFO - End | session id:sess9061636 | ELibrary:Exit | CallEnd | Call End here |  |  | undefined
10/01/2023 12:21:16:297  INFO - Application Exit | session id:sess9061636 | ELibrary:Exit | Framework | Application Exiting |  |  | undefined
10/01/2023 12:30:32:387  INFO - Node Entry | session id:sess6319440 | ELibrary:Start | Framework | Start |  |  | 
10/01/2023 12:30:32:939  INFO - Node Entry | session id:sess6319440 | ELibrary:Welcome | Framework | Welcome |  |  | undefined
10/01/2023 12:30:32:974  INFO - Start | session id:sess6319440 | ELibrary:Welcome | wecome start | Welcome Announcement start |  |  | undefined
10/01/2023 12:30:32:975  INFO - In Progress | session id:sess6319440 | ELibrary:Welcome | Welcome | Welcome Announcement Stop |  |  | undefined
10/01/2023 12:30:38:948  INFO - Node Entry | session id:sess6319440 | ELibrary:langMenu | Framework | langMenu |  |  | undefined
10/01/2023 12:30:47:154  INFO - Node Entry | session id:sess6319440 | ELibrary:Exist | Framework | Exist |  |  | undefined
10/01/2023 12:30:47:216  INFO - Node Entry | session id:sess6319440 | ELibrary:ExistUser-Begin | Framework | ExistUser-Begin |  |  | undefined
10/01/2023 12:30:47:279  INFO - Node Entry | session id:sess6319440 | ELibrary:ExistUser-userId | Framework | ExistUser-userId |  |  | undefined
10/01/2023 12:30:58:642  INFO - Node Entry | session id:sess6319440 | ELibrary:ExistUser-userIdVerify | Framework | ExistUser-userIdVerify | userId___utterance | 123456^0.949999988079071^0^1 | undefined
10/01/2023 12:30:59:225  INFO - Node Entry | session id:sess6319440 | ELibrary:ExistUser-userIdCheck | Framework | ExistUser-userIdCheck |  |  | undefined
10/01/2023 12:30:59:318  INFO - Node Entry | session id:sess6319440 | ELibrary:ExistUser-userEventAnnounce | Framework | ExistUser-userEventAnnounce |  |  | undefined
10/01/2023 12:30:59:442  INFO - Node Entry | session id:sess6319440 | ELibrary:ExistUser-userId | Framework | ExistUser-userId |  |  | undefined
10/01/2023 12:31:05:631  INFO - Node Entry | session id:sess6319440 | ELibrary:ExistUser-userIdVerify | Framework | ExistUser-userIdVerify | userId___utterance | 111111^0.949999988079071^0^0 | undefined
10/01/2023 12:31:06:739  INFO - Node Entry | session id:sess6319440 | ELibrary:ExistUser-userIdCheck | Framework | ExistUser-userIdCheck |  |  | undefined
10/01/2023 12:31:06:801  INFO - Node Entry | session id:sess6319440 | ELibrary:ExistUser-userEventAnnounce | Framework | ExistUser-userEventAnnounce |  |  | undefined
10/01/2023 12:31:06:878  INFO - Node Entry | session id:sess6319440 | ELibrary:ExistUser-userId | Framework | ExistUser-userId |  |  | undefined
10/01/2023 12:31:13:201  INFO - Node Entry | session id:sess6319440 | ELibrary:ExistUser-userIdVerify | Framework | ExistUser-userIdVerify | userId___utterance | 111111^0.949999988079071^0^0 | undefined
10/01/2023 12:31:15:331  INFO - Node Entry | session id:sess6319440 | ELibrary:ExistUser-userIdCheck | Framework | ExistUser-userIdCheck |  |  | undefined
10/01/2023 12:31:15:393  INFO - Node Entry | session id:sess6319440 | ELibrary:ExistUser-FinalAttemptUsercheck | Framework | ExistUser-FinalAttemptUsercheck |  |  | undefined
10/01/2023 12:31:15:579  INFO - Node Entry | session id:sess6319440 | ELibrary:ExistUser-EventReturntoElibrary | Framework | ExistUser-EventReturntoElibrary |  |  | undefined
10/01/2023 12:31:15:641  INFO - Node Entry | session id:sess6319440 | ELibrary:CallDisconnect | Framework | CallDisconnect |  |  | undefined
10/01/2023 12:31:23:173  INFO - Node Entry | session id:sess6319440 | ELibrary:ivrInfoData | Framework | ivrInfoData |  | ^^0^0 | undefined
10/01/2023 12:31:23:233  INFO - Node Entry | session id:sess6319440 | ELibrary:Exit | Framework | Exit |  |  | undefined
10/01/2023 12:31:23:235  INFO - End | session id:sess6319440 | ELibrary:Exit | CallEnd | Call End here |  |  | undefined
10/01/2023 12:31:23:235  INFO - Application Exit | session id:sess6319440 | ELibrary:Exit | Framework | Application Exiting |  |  | undefined
10/01/2023 12:33:57:405  INFO - Node Entry | session id:sess4927750 | ELibrary:Start | Framework | Start |  |  | 
10/01/2023 12:33:57:934  INFO - Node Entry | session id:sess4927750 | ELibrary:Welcome | Framework | Welcome |  |  | undefined
10/01/2023 12:33:57:954  INFO - Start | session id:sess4927750 | ELibrary:Welcome | wecome start | Welcome Announcement start |  |  | undefined
10/01/2023 12:33:57:955  INFO - In Progress | session id:sess4927750 | ELibrary:Welcome | Welcome | Welcome Announcement Stop |  |  | undefined
10/01/2023 12:34:03:790  INFO - Node Entry | session id:sess4927750 | ELibrary:langMenu | Framework | langMenu |  |  | undefined
10/01/2023 12:34:05:582  INFO - Node Entry | session id:sess4927750 | ELibrary:Exist | Framework | Exist |  |  | undefined
10/01/2023 12:34:05:642  INFO - Node Entry | session id:sess4927750 | ELibrary:ExistUser-Begin | Framework | ExistUser-Begin |  |  | undefined
10/01/2023 12:34:05:705  INFO - Node Entry | session id:sess4927750 | ELibrary:ExistUser-userId | Framework | ExistUser-userId |  |  | undefined
10/01/2023 12:34:09:850  INFO - Node Entry | session id:sess4927750 | ELibrary:ExistUser-userIdVerify | Framework | ExistUser-userIdVerify | userId___utterance | 111111^0.949999988079071^0^0 | undefined
10/01/2023 12:34:10:342  INFO - Node Entry | session id:sess4927750 | ELibrary:ExistUser-userIdCheck | Framework | ExistUser-userIdCheck |  |  | undefined
10/01/2023 12:34:10:406  INFO - Node Entry | session id:sess4927750 | ELibrary:ExistUser-password | Framework | ExistUser-password |  |  | undefined
10/01/2023 12:34:14:138  INFO - Node Entry | session id:sess4927750 | ELibrary:ExistUser-passwordVerify | Framework | ExistUser-passwordVerify | password___utterance | 1235^0.949999988079071^0^0 | undefined
10/01/2023 12:34:14:402  INFO - Node Entry | session id:sess4927750 | ELibrary:ExistUser-passCheck | Framework | ExistUser-passCheck |  |  | undefined
10/01/2023 12:34:14:464  INFO - Node Entry | session id:sess4927750 | ELibrary:ExistUser-CartFlow | Framework | ExistUser-CartFlow |  |  | undefined
10/01/2023 12:34:14:526  INFO - Node Entry | session id:sess4927750 | ELibrary:CartMenuFlow-Begin | Framework | CartMenuFlow-Begin |  |  | undefined
10/01/2023 12:34:14:587  INFO - Node Entry | session id:sess4927750 | ELibrary:CartMenuFlow-CartMenu | Framework | CartMenuFlow-CartMenu |  |  | undefined
10/01/2023 12:38:08:633  INFO - Node Entry | session id:sess4226583 | ELibrary:Start | Framework | Start |  |  | 
10/01/2023 12:38:09:159  INFO - Node Entry | session id:sess4226583 | ELibrary:Welcome | Framework | Welcome |  |  | undefined
10/01/2023 12:38:09:192  INFO - Start | session id:sess4226583 | ELibrary:Welcome | wecome start | Welcome Announcement start |  |  | undefined
10/01/2023 12:38:09:192  INFO - In Progress | session id:sess4226583 | ELibrary:Welcome | Welcome | Welcome Announcement Stop |  |  | undefined
10/01/2023 12:38:15:058  INFO - Node Entry | session id:sess4226583 | ELibrary:langMenu | Framework | langMenu |  |  | undefined
10/01/2023 12:38:16:797  INFO - Node Entry | session id:sess4226583 | ELibrary:Exist | Framework | Exist |  |  | undefined
10/01/2023 12:38:16:859  INFO - Node Entry | session id:sess4226583 | ELibrary:ExistUser-Begin | Framework | ExistUser-Begin |  |  | undefined
10/01/2023 12:38:16:922  INFO - Node Entry | session id:sess4226583 | ELibrary:ExistUser-userId | Framework | ExistUser-userId |  |  | undefined
10/01/2023 12:38:21:788  INFO - Node Entry | session id:sess4226583 | ELibrary:ExistUser-userIdVerify | Framework | ExistUser-userIdVerify | userId___utterance | 123456^0.949999988079071^0^0 | undefined
10/01/2023 12:38:22:359  INFO - Node Entry | session id:sess4226583 | ELibrary:ExistUser-userIdCheck | Framework | ExistUser-userIdCheck |  |  | undefined
10/01/2023 12:38:22:423  INFO - Node Entry | session id:sess4226583 | ELibrary:ExistUser-password | Framework | ExistUser-password |  |  | undefined
10/01/2023 12:38:24:331  INFO - Node Entry | session id:sess4226583 | ELibrary:hangupData | Framework | hangupData |  |  | undefined
10/01/2023 12:38:24:395  INFO - Node Entry | session id:sess4226583 | ELibrary:Exit | Framework | Exit |  |  | undefined
10/01/2023 12:38:24:401  INFO - End | session id:sess4226583 | ELibrary:Exit | CallEnd | Call End here |  |  | undefined
10/01/2023 12:38:24:402  INFO - Application Exit | session id:sess4226583 | ELibrary:Exit | Framework | Application Exiting |  |  | undefined
10/01/2023 12:43:24:116  INFO - Node Entry | session id:sess9262757 | ELibrary:Start | Framework | Start |  |  | 
10/01/2023 12:43:24:454  INFO - Node Entry | session id:sess9262757 | ELibrary:Welcome | Framework | Welcome |  |  | undefined
10/01/2023 12:43:24:489  INFO - Start | session id:sess9262757 | ELibrary:Welcome | wecome start | Welcome Announcement start |  |  | undefined
10/01/2023 12:43:24:490  INFO - In Progress | session id:sess9262757 | ELibrary:Welcome | Welcome | Welcome Announcement Stop |  |  | undefined
10/01/2023 12:43:30:267  INFO - Node Entry | session id:sess9262757 | ELibrary:langMenu | Framework | langMenu |  |  | undefined
10/01/2023 12:43:31:993  INFO - Node Entry | session id:sess9262757 | ELibrary:Exist | Framework | Exist |  |  | undefined
10/01/2023 12:43:32:055  INFO - Node Entry | session id:sess9262757 | ELibrary:ExistUser-Begin | Framework | ExistUser-Begin |  |  | undefined
10/01/2023 12:43:32:119  INFO - Node Entry | session id:sess9262757 | ELibrary:ExistUser-userId | Framework | ExistUser-userId |  |  | undefined
10/01/2023 12:43:36:537  INFO - Node Entry | session id:sess9262757 | ELibrary:ExistUser-userIdVerify | Framework | ExistUser-userIdVerify | userId___utterance | 123456^0.949999988079071^0^0 | undefined
10/01/2023 12:43:37:059  INFO - Node Entry | session id:sess9262757 | ELibrary:ExistUser-userIdCheck | Framework | ExistUser-userIdCheck |  |  | undefined
10/01/2023 12:43:37:122  INFO - Node Entry | session id:sess9262757 | ELibrary:ExistUser-userEventAnnounce | Framework | ExistUser-userEventAnnounce |  |  | undefined
10/01/2023 12:43:37:197  INFO - Node Entry | session id:sess9262757 | ELibrary:ExistUser-userId | Framework | ExistUser-userId |  |  | undefined
10/01/2023 12:43:46:070  INFO - Node Entry | session id:sess9262757 | ELibrary:ExistUser-userIdVerify | Framework | ExistUser-userIdVerify | userId___utterance | 111111^0.949999988079071^0^0 | undefined
10/01/2023 12:43:46:193  INFO - Node Entry | session id:sess9262757 | ELibrary:ExistUser-userIdCheck | Framework | ExistUser-userIdCheck |  |  | undefined
10/01/2023 12:43:46:254  INFO - Node Entry | session id:sess9262757 | ELibrary:ExistUser-password | Framework | ExistUser-password |  |  | undefined
10/01/2023 12:43:50:428  INFO - Node Entry | session id:sess9262757 | ELibrary:ExistUser-passwordVerify | Framework | ExistUser-passwordVerify | password___utterance | 4123^0.949999988079071^0^0 | undefined
10/01/2023 12:43:50:632  INFO - Node Entry | session id:sess9262757 | ELibrary:ExistUser-passCheck | Framework | ExistUser-passCheck |  |  | undefined
10/01/2023 12:43:50:694  INFO - Node Entry | session id:sess9262757 | ELibrary:ExistUser-passwordEventAnnounce | Framework | ExistUser-passwordEventAnnounce |  |  | undefined
10/01/2023 12:43:53:252  INFO - Node Entry | session id:sess9262757 | ELibrary:ExistUser-password | Framework | ExistUser-password |  |  | undefined
10/01/2023 12:43:56:997  INFO - Node Entry | session id:sess9262757 | ELibrary:ExistUser-passwordVerify | Framework | ExistUser-passwordVerify | password___utterance | 1111^0.949999988079071^0^0 | undefined
10/01/2023 12:43:57:151  INFO - Node Entry | session id:sess9262757 | ELibrary:ExistUser-passCheck | Framework | ExistUser-passCheck |  |  | undefined
10/01/2023 12:43:57:213  INFO - Node Entry | session id:sess9262757 | ELibrary:ExistUser-CartFlow | Framework | ExistUser-CartFlow |  |  | undefined
10/01/2023 12:43:57:274  INFO - Node Entry | session id:sess9262757 | ELibrary:CartMenuFlow-Begin | Framework | CartMenuFlow-Begin |  |  | undefined
10/01/2023 12:43:57:338  INFO - Node Entry | session id:sess9262757 | ELibrary:CartMenuFlow-CartMenu | Framework | CartMenuFlow-CartMenu |  |  | undefined
10/01/2023 12:45:58:302  INFO - Node Entry | session id:sess1009023 | ELibrary:Start | Framework | Start |  |  | 
10/01/2023 12:45:59:031  INFO - Node Entry | session id:sess1009023 | ELibrary:Welcome | Framework | Welcome |  |  | undefined
10/01/2023 12:45:59:062  INFO - Start | session id:sess1009023 | ELibrary:Welcome | wecome start | Welcome Announcement start |  |  | undefined
10/01/2023 12:45:59:062  INFO - In Progress | session id:sess1009023 | ELibrary:Welcome | Welcome | Welcome Announcement Stop |  |  | undefined
10/01/2023 12:46:04:929  INFO - Node Entry | session id:sess1009023 | ELibrary:langMenu | Framework | langMenu |  |  | undefined
10/01/2023 12:46:07:323  INFO - Node Entry | session id:sess1009023 | ELibrary:Exist | Framework | Exist |  |  | undefined
10/01/2023 12:46:07:384  INFO - Node Entry | session id:sess1009023 | ELibrary:ExistUser-Begin | Framework | ExistUser-Begin |  |  | undefined
10/01/2023 12:46:07:444  INFO - Node Entry | session id:sess1009023 | ELibrary:ExistUser-userId | Framework | ExistUser-userId |  |  | undefined
10/01/2023 12:46:14:584  INFO - Node Entry | session id:sess1009023 | ELibrary:ExistUser-userIdVerify | Framework | ExistUser-userIdVerify | userId___utterance | 112356^0.949999988079071^0^0 | undefined
10/01/2023 12:46:15:145  INFO - Node Entry | session id:sess1009023 | ELibrary:ExistUser-userIdCheck | Framework | ExistUser-userIdCheck |  |  | undefined
10/01/2023 12:46:15:207  INFO - Node Entry | session id:sess1009023 | ELibrary:ExistUser-userEventAnnounce | Framework | ExistUser-userEventAnnounce |  |  | undefined
10/01/2023 12:46:15:284  INFO - Node Entry | session id:sess1009023 | ELibrary:ExistUser-userId | Framework | ExistUser-userId |  |  | undefined
10/01/2023 12:46:21:427  INFO - Node Entry | session id:sess1009023 | ELibrary:ExistUser-userIdVerify | Framework | ExistUser-userIdVerify | userId___utterance | 111111^0.949999988079071^0^0 | undefined
10/01/2023 12:46:21:858  INFO - Node Entry | session id:sess1009023 | ELibrary:ExistUser-userIdCheck | Framework | ExistUser-userIdCheck |  |  | undefined
10/01/2023 12:46:21:921  INFO - Node Entry | session id:sess1009023 | ELibrary:ExistUser-password | Framework | ExistUser-password |  |  | undefined
10/01/2023 12:46:25:427  INFO - Node Entry | session id:sess1009023 | ELibrary:ExistUser-passwordVerify | Framework | ExistUser-passwordVerify | password___utterance | 1111^0.949999988079071^0^0 | undefined
10/01/2023 12:46:25:610  INFO - Node Entry | session id:sess1009023 | ELibrary:ExistUser-passCheck | Framework | ExistUser-passCheck |  |  | undefined
10/01/2023 12:46:25:672  INFO - Node Entry | session id:sess1009023 | ELibrary:ExistUser-CartFlow | Framework | ExistUser-CartFlow |  |  | undefined
10/01/2023 12:46:25:733  INFO - Node Entry | session id:sess1009023 | ELibrary:CartMenuFlow-Begin | Framework | CartMenuFlow-Begin |  |  | undefined
10/01/2023 12:46:25:794  INFO - Node Entry | session id:sess1009023 | ELibrary:CartMenuFlow-CartMenu | Framework | CartMenuFlow-CartMenu |  |  | undefined
10/01/2023 13:02:14:685  INFO - Node Entry | session id:sess6000035 | ELibrary:Start | Framework | Start |  |  | 
10/01/2023 13:02:15:025  INFO - Node Entry | session id:sess6000035 | ELibrary:Welcome | Framework | Welcome |  |  | undefined
10/01/2023 13:02:15:045  INFO - Start | session id:sess6000035 | ELibrary:Welcome | wecome start | Welcome Announcement start |  |  | undefined
10/01/2023 13:02:15:045  INFO - In Progress | session id:sess6000035 | ELibrary:Welcome | Welcome | Welcome Announcement Stop |  |  | undefined
10/01/2023 13:02:20:842  INFO - Node Entry | session id:sess6000035 | ELibrary:langMenu | Framework | langMenu |  |  | undefined
10/01/2023 13:02:25:197  INFO - Node Entry | session id:sess6000035 | ELibrary:hangupData | Framework | hangupData |  |  | undefined
10/01/2023 13:02:25:258  INFO - Node Entry | session id:sess6000035 | ELibrary:Exit | Framework | Exit |  |  | undefined
10/01/2023 13:02:25:259  INFO - End | session id:sess6000035 | ELibrary:Exit | CallEnd | Call End here |  |  | undefined
10/01/2023 13:02:25:260  INFO - Application Exit | session id:sess6000035 | ELibrary:Exit | Framework | Application Exiting |  |  | undefined
10/01/2023 13:04:51:587  INFO - Node Entry | session id:sess885576 | ELibrary:Start | Framework | Start |  |  | 
10/01/2023 13:04:51:966  INFO - Node Entry | session id:sess885576 | ELibrary:Welcome | Framework | Welcome |  |  | undefined
10/01/2023 13:04:51:990  INFO - Start | session id:sess885576 | ELibrary:Welcome | wecome start | Welcome Announcement start |  |  | undefined
10/01/2023 13:04:51:990  INFO - In Progress | session id:sess885576 | ELibrary:Welcome | Welcome | Welcome Announcement Stop |  |  | undefined
10/01/2023 13:04:57:843  INFO - Node Entry | session id:sess885576 | ELibrary:langMenu | Framework | langMenu |  |  | undefined
10/01/2023 13:05:00:183  INFO - Node Entry | session id:sess885576 | ELibrary:hangupData | Framework | hangupData |  |  | undefined
10/01/2023 13:05:00:247  INFO - Node Entry | session id:sess885576 | ELibrary:ivrInfoData | Framework | ivrInfoData |  |  | undefined
10/01/2023 13:05:00:310  INFO - Node Entry | session id:sess885576 | ELibrary:Exit | Framework | Exit |  |  | undefined
10/01/2023 13:05:00:312  INFO - End | session id:sess885576 | ELibrary:Exit | CallEnd | Call End here |  |  | undefined
10/01/2023 13:05:00:313  INFO - Application Exit | session id:sess885576 | ELibrary:Exit | Framework | Application Exiting |  |  | undefined
10/01/2023 13:07:20:633  INFO - Node Entry | session id:sess8675078 | ELibrary:Start | Framework | Start |  |  | 
10/01/2023 13:07:21:034  INFO - Node Entry | session id:sess8675078 | ELibrary:Welcome | Framework | Welcome |  |  | undefined
10/01/2023 13:07:21:056  INFO - Start | session id:sess8675078 | ELibrary:Welcome | wecome start | Welcome Announcement start |  |  | undefined
10/01/2023 13:07:21:056  INFO - In Progress | session id:sess8675078 | ELibrary:Welcome | Welcome | Welcome Announcement Stop |  |  | undefined
10/01/2023 13:07:26:912  INFO - Node Entry | session id:sess8675078 | ELibrary:langMenu | Framework | langMenu |  |  | undefined
10/01/2023 13:07:44:102  INFO - Node Entry | session id:sess8675078 | ELibrary:hangupData | Framework | hangupData |  |  | undefined
10/01/2023 13:07:44:179  INFO - Node Entry | session id:sess8675078 | ELibrary:ivrInfoData | Framework | ivrInfoData |  |  | undefined
10/01/2023 13:07:44:242  INFO - Node Entry | session id:sess8675078 | ELibrary:Exit | Framework | Exit |  |  | undefined
10/01/2023 13:07:44:244  INFO - End | session id:sess8675078 | ELibrary:Exit | CallEnd | Call End here |  |  | undefined
10/01/2023 13:07:44:245  INFO - Application Exit | session id:sess8675078 | ELibrary:Exit | Framework | Application Exiting |  |  | undefined
