01/02/2023 18:01:53:809  INFO - Node Entry | session id:sess9111868 | ELibrary:Start | Framework | Start |  |  | 
01/02/2023 18:01:54:347  INFO - Node Entry | session id:sess9111868 | ELibrary:Welcome | Framework | Welcome |  |  | undefined
01/02/2023 18:01:54:526  INFO - Start | session id:sess9111868 | ELibrary:Welcome | wecome start | Welcome Announcement start |  |  | undefined
01/02/2023 18:01:54:526  INFO - In Progress | session id:sess9111868 | ELibrary:Welcome | Welcome | Welcome Announcement Stop |  |  | undefined
01/02/2023 18:02:00:599  INFO - Node Entry | session id:sess9111868 | ELibrary:langMenu | Framework | langMenu |  |  | undefined
01/02/2023 18:02:11:394  INFO - Node Entry | session id:sess9111868 | ELibrary:LanguageAnnounce | Framework | LanguageAnnounce | langMenu___utterance | 2^0.949999988079071^0^0 | undefined
01/02/2023 18:02:13:740  INFO - Node Entry | session id:sess9111868 | ELibrary:userMenu | Framework | userMenu |  |  | undefined
01/02/2023 18:02:21:671  INFO - Node Entry | session id:sess9111868 | ELibrary:newUserAnnounce | Framework | newUserAnnounce | userMenu___utterance | 1^0.949999988079071^0^0 | undefined
01/02/2023 18:02:23:984  INFO - Node Entry | session id:sess9111868 | ELibrary:AgentTranfer | Framework | AgentTranfer |  |  | undefined
01/02/2023 18:02:24:046  INFO - Node Entry | session id:sess9111868 | ELibrary:agentTransfer-Begin | Framework | agentTransfer-Begin |  |  | undefined
01/02/2023 18:02:24:107  INFO - Node Entry | session id:sess9111868 | ELibrary:agentTransfer-AgentTransferAnnounce | Framework | agentTransfer-AgentTransferAnnounce |  |  | undefined
01/02/2023 18:02:30:316  INFO - Node Entry | session id:sess9111868 | ELibrary:hangupData | Framework | hangupData |  |  | undefined
01/02/2023 18:02:30:436  INFO - Node Entry | session id:sess9111868 | ELibrary:ivrInfoData | Framework | ivrInfoData |  |  | undefined
01/02/2023 18:02:30:546  INFO - Node Entry | session id:sess9111868 | ELibrary:Exit | Framework | Exit |  |  | undefined
01/02/2023 18:02:30:547  INFO - End | session id:sess9111868 | ELibrary:Exit | CallEnd | Call End here |  |  | undefined
01/02/2023 18:02:30:547  INFO - Application Exit | session id:sess9111868 | ELibrary:Exit | Framework | Application Exiting |  |  | undefined
01/02/2023 18:43:22:841  INFO - Node Entry | session id:sess8400480 | ELibrary:Start | Framework | Start |  |  | 
01/02/2023 18:43:23:886  INFO - Node Entry | session id:sess8400480 | ELibrary:Welcome | Framework | Welcome |  |  | undefined
01/02/2023 18:43:24:683  INFO - Start | session id:sess8400480 | ELibrary:Welcome | wecome start | Welcome Announcement start |  |  | undefined
01/02/2023 18:43:24:684  INFO - In Progress | session id:sess8400480 | ELibrary:Welcome | Welcome | Welcome Announcement Stop |  |  | undefined
01/02/2023 18:43:31:409  INFO - Node Entry | session id:sess8400480 | ELibrary:langMenu | Framework | langMenu |  |  | undefined
01/02/2023 18:43:49:226  INFO - Node Entry | session id:sess8400480 | ELibrary:LanguageAnnounce | Framework | LanguageAnnounce | langMenu___utterance | 1^0.949999988079071^0^0 | undefined
01/02/2023 18:43:52:131  INFO - Node Entry | session id:sess8400480 | ELibrary:userMenu | Framework | userMenu |  |  | undefined
01/02/2023 18:44:16:267  INFO - Node Entry | session id:sess8400480 | ELibrary:oldUserAnnounce | Framework | oldUserAnnounce | userMenu___utterance | 2^0.949999988079071^0^0 | undefined
01/02/2023 18:44:19:848  INFO - Node Entry | session id:sess8400480 | ELibrary:Exist | Framework | Exist |  |  | undefined
01/02/2023 18:44:19:924  INFO - Node Entry | session id:sess8400480 | ELibrary:ExistUser-Begin | Framework | ExistUser-Begin |  |  | undefined
01/02/2023 18:44:19:985  INFO - Node Entry | session id:sess8400480 | ELibrary:ExistUser-userId | Framework | ExistUser-userId |  |  | undefined
01/02/2023 18:45:10:021  INFO - Node Entry | session id:sess8400480 | ELibrary:ExistUser-password | Framework | ExistUser-password | userId___utterance | 100000^0.949999988079071^0^1 | undefined
01/02/2023 18:45:15:216  INFO - Node Entry | session id:sess8400480 | ELibrary:ExistUser-passwordVerify | Framework | ExistUser-passwordVerify | password___utterance | 1111^0.949999988079071^0^0 | undefined
01/02/2023 18:45:15:701 ERROR - In Progress | session id:sess8400480 | ELibrary:ExistUser-passwordVerify |  | java.lang.NoClassDefFoundError: org/json/simple/parser/ParseException | Exception stack trace | Error processing request
 EXCEPTION> 
java.lang.NoClassDefFoundError: org/json/simple/parser/ParseException
	at flow.subflow.ExistUser.passwordVerify.requestBegin(passwordVerify.java:104)
	at com.avaya.sce.runtime.AppServlet.processRequest(AppServlet.java:81)
	at com.avaya.sce.runtime.SCEServlet.requestHandler(SCEServlet.java:247)
	at com.avaya.sce.runtime.SCEServlet.doPost(SCEServlet.java:148)
	at javax.servlet.http.HttpServlet.service(HttpServlet.java:652)
	at javax.servlet.http.HttpServlet.service(HttpServlet.java:733)
	at org.apache.catalina.core.ApplicationFilterChain.internalDoFilter(ApplicationFilterChain.java:231)
	at org.apache.catalina.core.ApplicationFilterChain.doFilter(ApplicationFilterChain.java:166)
	at org.apache.tomcat.websocket.server.WsFilter.doFilter(WsFilter.java:53)
	at org.apache.catalina.core.ApplicationFilterChain.internalDoFilter(ApplicationFilterChain.java:193)
	at org.apache.catalina.core.ApplicationFilterChain.doFilter(ApplicationFilterChain.java:166)
	at org.apache.logging.log4j.web.Log4jServletFilter.doFilter(Log4jServletFilter.java:71)
	at org.apache.catalina.core.ApplicationFilterChain.internalDoFilter(ApplicationFilterChain.java:193)
	at org.apache.catalina.core.ApplicationFilterChain.doFilter(ApplicationFilterChain.java:166)
	at org.apache.catalina.core.StandardWrapperValve.invoke(StandardWrapperValve.java:202)
	at org.apache.catalina.core.StandardContextValve.invoke(StandardContextValve.java:97)
	at org.apache.catalina.authenticator.AuthenticatorBase.invoke(AuthenticatorBase.java:542)
	at org.apache.catalina.core.StandardHostValve.invoke(StandardHostValve.java:143)
	at org.apache.catalina.valves.ErrorReportValve.invoke(ErrorReportValve.java:92)
	at org.apache.catalina.valves.AbstractAccessLogValve.invoke(AbstractAccessLogValve.java:690)
	at org.apache.catalina.core.StandardEngineValve.invoke(StandardEngineValve.java:78)
	at org.apache.catalina.connector.CoyoteAdapter.service(CoyoteAdapter.java:343)
	at org.apache.coyote.http11.Http11Processor.service(Http11Processor.java:374)
	at org.apache.coyote.AbstractProcessorLight.process(AbstractProcessorLight.java:65)
	at org.apache.coyote.AbstractProtocol$ConnectionHandler.process(AbstractProtocol.java:868)
	at org.apache.tomcat.util.net.NioEndpoint$SocketProcessor.doRun(NioEndpoint.java:1590)
	at org.apache.tomcat.util.net.SocketProcessorBase.run(SocketProcessorBase.java:49)
	at java.util.concurrent.ThreadPoolExecutor.runWorker(ThreadPoolExecutor.java:1149)
	at java.util.concurrent.ThreadPoolExecutor$Worker.run(ThreadPoolExecutor.java:624)
	at org.apache.tomcat.util.threads.TaskThread$WrappingRunnable.run(TaskThread.java:61)
	at java.lang.Thread.run(Thread.java:750)
Caused by: java.lang.ClassNotFoundException: org.json.simple.parser.ParseException
	at org.apache.catalina.loader.WebappClassLoaderBase.loadClass(WebappClassLoaderBase.java:1365)
	at org.apache.catalina.loader.WebappClassLoaderBase.loadClass(WebappClassLoaderBase.java:1188)
	... 31 more
 | undefined
