07/01/2023 10:01:09:504  INFO - Node Entry | session id:sess4507194 | ELibrary:Start | Framework | Start |  |  | 
07/01/2023 10:01:10:054  INFO - Node Entry | session id:sess4507194 | ELibrary:Welcome | Framework | Welcome |  |  | undefined
07/01/2023 10:01:10:087  INFO - Start | session id:sess4507194 | ELibrary:Welcome | wecome start | Welcome Announcement start |  |  | undefined
07/01/2023 10:01:10:088  INFO - In Progress | session id:sess4507194 | ELibrary:Welcome | Welcome | Welcome Announcement Stop |  |  | undefined
07/01/2023 10:01:16:359  INFO - Node Entry | session id:sess4507194 | ELibrary:langMenu | Framework | langMenu |  |  | undefined
07/01/2023 10:01:29:391  INFO - Node Entry | session id:sess4507194 | ELibrary:Exist | Framework | Exist |  |  | undefined
07/01/2023 10:01:29:485  INFO - Node Entry | session id:sess4507194 | ELibrary:ExistUser-Begin | Framework | ExistUser-Begin |  |  | undefined
07/01/2023 10:01:29:547  INFO - Node Entry | session id:sess4507194 | ELibrary:ExistUser-userId | Framework | ExistUser-userId |  |  | undefined
07/01/2023 10:01:33:454  INFO - Node Entry | session id:sess4507194 | ELibrary:ExistUser-userIdVerify | Framework | ExistUser-userIdVerify | userId___utterance | 111111^0.949999988079071^0^0 | undefined
07/01/2023 10:06:08:844  INFO - Node Entry | session id:sess1735048 | ELibrary:Start | Framework | Start |  |  | 
07/01/2023 10:06:09:242  INFO - Node Entry | session id:sess1735048 | ELibrary:Welcome | Framework | Welcome |  |  | undefined
07/01/2023 10:06:09:272  INFO - Start | session id:sess1735048 | ELibrary:Welcome | wecome start | Welcome Announcement start |  |  | undefined
07/01/2023 10:06:09:272  INFO - In Progress | session id:sess1735048 | ELibrary:Welcome | Welcome | Welcome Announcement Stop |  |  | undefined
07/01/2023 10:06:15:252  INFO - Node Entry | session id:sess1735048 | ELibrary:langMenu | Framework | langMenu |  |  | undefined
07/01/2023 10:06:17:497  INFO - Node Entry | session id:sess1735048 | ELibrary:Exist | Framework | Exist |  |  | undefined
07/01/2023 10:06:17:561  INFO - Node Entry | session id:sess1735048 | ELibrary:ExistUser-Begin | Framework | ExistUser-Begin |  |  | undefined
07/01/2023 10:06:17:624  INFO - Node Entry | session id:sess1735048 | ELibrary:ExistUser-userId | Framework | ExistUser-userId |  |  | undefined
07/01/2023 10:06:21:357  INFO - Node Entry | session id:sess1735048 | ELibrary:ExistUser-userIdVerify | Framework | ExistUser-userIdVerify | userId___utterance | 111111^0.949999988079071^0^0 | undefined
07/01/2023 10:06:21:436  INFO - Node Entry | session id:sess1735048 | ELibrary:ExistUser-userIdCheck | Framework | ExistUser-userIdCheck |  |  | undefined
07/01/2023 10:06:21:499  INFO - Node Entry | session id:sess1735048 | ELibrary:ExistUser-userEventAnnounce | Framework | ExistUser-userEventAnnounce |  |  | undefined
07/01/2023 10:06:21:622  INFO - Node Entry | session id:sess1735048 | ELibrary:ExistUser-userId | Framework | ExistUser-userId |  |  | undefined
07/01/2023 10:12:59:534  INFO - Node Entry | session id:sess2696524 | ELibrary:Start | Framework | Start |  |  | 
07/01/2023 10:12:59:972  INFO - Node Entry | session id:sess2696524 | ELibrary:Welcome | Framework | Welcome |  |  | undefined
07/01/2023 10:13:00:010  INFO - Start | session id:sess2696524 | ELibrary:Welcome | wecome start | Welcome Announcement start |  |  | undefined
07/01/2023 10:13:00:010  INFO - In Progress | session id:sess2696524 | ELibrary:Welcome | Welcome | Welcome Announcement Stop |  |  | undefined
07/01/2023 10:13:05:912  INFO - Node Entry | session id:sess2696524 | ELibrary:langMenu | Framework | langMenu |  |  | undefined
07/01/2023 10:13:08:563  INFO - Node Entry | session id:sess2696524 | ELibrary:Exist | Framework | Exist |  |  | undefined
07/01/2023 10:13:08:641  INFO - Node Entry | session id:sess2696524 | ELibrary:ExistUser-Begin | Framework | ExistUser-Begin |  |  | undefined
07/01/2023 10:13:08:703  INFO - Node Entry | session id:sess2696524 | ELibrary:ExistUser-userId | Framework | ExistUser-userId |  |  | undefined
07/01/2023 10:13:13:993  INFO - Node Entry | session id:sess2696524 | ELibrary:ExistUser-userIdVerify | Framework | ExistUser-userIdVerify | userId___utterance | 111111^0.949999988079071^0^0 | undefined
07/01/2023 10:13:14:103  INFO - Node Entry | session id:sess2696524 | ELibrary:ExistUser-userIdCheck | Framework | ExistUser-userIdCheck |  |  | undefined
07/01/2023 10:13:14:166  INFO - Node Entry | session id:sess2696524 | ELibrary:ExistUser-userEventAnnounce | Framework | ExistUser-userEventAnnounce |  |  | undefined
07/01/2023 10:13:14:245  INFO - Node Entry | session id:sess2696524 | ELibrary:ExistUser-userId | Framework | ExistUser-userId |  |  | undefined
07/01/2023 10:13:22:981  INFO - Node Entry | session id:sess2696524 | ELibrary:ExistUser-userIdVerify | Framework | ExistUser-userIdVerify | userId___utterance | 111111^0.949999988079071^0^0 | undefined
07/01/2023 10:13:23:044  INFO - Node Entry | session id:sess2696524 | ELibrary:ExistUser-userIdCheck | Framework | ExistUser-userIdCheck |  |  | undefined
07/01/2023 10:13:23:106  INFO - Node Entry | session id:sess2696524 | ELibrary:ExistUser-userEventAnnounce | Framework | ExistUser-userEventAnnounce |  |  | undefined
07/01/2023 10:13:23:185  INFO - Node Entry | session id:sess2696524 | ELibrary:ExistUser-userId | Framework | ExistUser-userId |  |  | undefined
07/01/2023 10:18:47:605  INFO - Node Entry | session id:sess6788817 | ELibrary:Start | Framework | Start |  |  | 
07/01/2023 10:18:47:947  INFO - Node Entry | session id:sess6788817 | ELibrary:Welcome | Framework | Welcome |  |  | undefined
07/01/2023 10:18:47:970  INFO - Start | session id:sess6788817 | ELibrary:Welcome | wecome start | Welcome Announcement start |  |  | undefined
07/01/2023 10:18:47:970  INFO - In Progress | session id:sess6788817 | ELibrary:Welcome | Welcome | Welcome Announcement Stop |  |  | undefined
07/01/2023 10:18:53:880  INFO - Node Entry | session id:sess6788817 | ELibrary:langMenu | Framework | langMenu |  |  | undefined
07/01/2023 10:19:02:835  INFO - Node Entry | session id:sess6788817 | ELibrary:Exist | Framework | Exist |  |  | undefined
07/01/2023 10:19:02:913  INFO - Node Entry | session id:sess6788817 | ELibrary:ExistUser-Begin | Framework | ExistUser-Begin |  |  | undefined
07/01/2023 10:19:02:976  INFO - Node Entry | session id:sess6788817 | ELibrary:ExistUser-userId | Framework | ExistUser-userId |  |  | undefined
07/01/2023 10:19:06:600  INFO - Node Entry | session id:sess6788817 | ELibrary:ExistUser-userIdVerify | Framework | ExistUser-userIdVerify | userId___utterance | 111111^0.949999988079071^0^0 | undefined
07/01/2023 10:19:06:710  INFO - Node Entry | session id:sess6788817 | ELibrary:ExistUser-userIdCheck | Framework | ExistUser-userIdCheck |  |  | undefined
07/01/2023 10:19:06:772  INFO - Node Entry | session id:sess6788817 | ELibrary:ExistUser-userEventAnnounce | Framework | ExistUser-userEventAnnounce |  |  | undefined
07/01/2023 10:19:06:851  INFO - Node Entry | session id:sess6788817 | ELibrary:ExistUser-userId | Framework | ExistUser-userId |  |  | undefined
07/01/2023 10:19:24:746  INFO - Node Entry | session id:sess6788817 | ELibrary:hangupData | Framework | hangupData |  |  | undefined
07/01/2023 10:19:24:816  INFO - Node Entry | session id:sess6788817 | ELibrary:Exit | Framework | Exit |  |  | undefined
07/01/2023 10:19:24:817  INFO - End | session id:sess6788817 | ELibrary:Exit | CallEnd | Call End here |  |  | undefined
07/01/2023 10:19:24:818  INFO - Application Exit | session id:sess6788817 | ELibrary:Exit | Framework | Application Exiting |  |  | undefined
07/01/2023 10:23:51:917  INFO - Node Entry | session id:sess8816913 | ELibrary:Start | Framework | Start |  |  | 
07/01/2023 10:23:52:243  INFO - Node Entry | session id:sess8816913 | ELibrary:Welcome | Framework | Welcome |  |  | undefined
07/01/2023 10:23:52:265  INFO - Start | session id:sess8816913 | ELibrary:Welcome | wecome start | Welcome Announcement start |  |  | undefined
07/01/2023 10:23:52:265  INFO - In Progress | session id:sess8816913 | ELibrary:Welcome | Welcome | Welcome Announcement Stop |  |  | undefined
07/01/2023 10:23:58:077  INFO - Node Entry | session id:sess8816913 | ELibrary:langMenu | Framework | langMenu |  |  | undefined
07/01/2023 10:24:00:292  INFO - Node Entry | session id:sess8816913 | ELibrary:Exist | Framework | Exist |  |  | undefined
07/01/2023 10:24:00:354  INFO - Node Entry | session id:sess8816913 | ELibrary:ExistUser-Begin | Framework | ExistUser-Begin |  |  | undefined
07/01/2023 10:24:00:416  INFO - Node Entry | session id:sess8816913 | ELibrary:ExistUser-userId | Framework | ExistUser-userId |  |  | undefined
07/01/2023 10:24:35:355  INFO - Node Entry | session id:sess8816913 | ELibrary:ExistUser-userIdVerify | Framework | ExistUser-userIdVerify | userId___utterance | 111111^0.949999988079071^0^1 | undefined
07/01/2023 10:24:35:473  INFO - Node Entry | session id:sess8816913 | ELibrary:ExistUser-userIdCheck | Framework | ExistUser-userIdCheck |  |  | undefined
07/01/2023 10:24:35:536  INFO - Node Entry | session id:sess8816913 | ELibrary:ExistUser-userEventAnnounce | Framework | ExistUser-userEventAnnounce |  |  | undefined
07/01/2023 10:24:35:629  INFO - Node Entry | session id:sess8816913 | ELibrary:ExistUser-userId | Framework | ExistUser-userId |  |  | undefined
07/01/2023 10:25:58:144  INFO - Node Entry | session id:sess8816913 | ELibrary:hangupData | Framework | hangupData |  |  | undefined
07/01/2023 10:25:58:207  INFO - Node Entry | session id:sess8816913 | ELibrary:Exit | Framework | Exit |  |  | undefined
07/01/2023 10:25:58:208  INFO - End | session id:sess8816913 | ELibrary:Exit | CallEnd | Call End here |  |  | undefined
07/01/2023 10:25:58:209  INFO - Application Exit | session id:sess8816913 | ELibrary:Exit | Framework | Application Exiting |  |  | undefined
07/01/2023 10:31:52:297  INFO - Node Entry | session id:sess380372 | ELibrary:Start | Framework | Start |  |  | 
07/01/2023 10:31:52:604  INFO - Node Entry | session id:sess380372 | ELibrary:Welcome | Framework | Welcome |  |  | undefined
07/01/2023 10:31:52:628  INFO - Start | session id:sess380372 | ELibrary:Welcome | wecome start | Welcome Announcement start |  |  | undefined
07/01/2023 10:31:52:629  INFO - In Progress | session id:sess380372 | ELibrary:Welcome | Welcome | Welcome Announcement Stop |  |  | undefined
07/01/2023 10:31:58:404  INFO - Node Entry | session id:sess380372 | ELibrary:langMenu | Framework | langMenu |  |  | undefined
07/01/2023 10:32:00:139  INFO - Node Entry | session id:sess380372 | ELibrary:Exist | Framework | Exist |  |  | undefined
07/01/2023 10:32:00:201  INFO - Node Entry | session id:sess380372 | ELibrary:ExistUser-Begin | Framework | ExistUser-Begin |  |  | undefined
07/01/2023 10:32:00:265  INFO - Node Entry | session id:sess380372 | ELibrary:ExistUser-userId | Framework | ExistUser-userId |  |  | undefined
07/01/2023 10:32:03:197  INFO - Node Entry | session id:sess380372 | ELibrary:ExistUser-userIdVerify | Framework | ExistUser-userIdVerify | userId___utterance | 111111^0.949999988079071^0^0 | undefined
07/01/2023 10:32:03:339  INFO - Node Entry | session id:sess380372 | ELibrary:ExistUser-userIdCheck | Framework | ExistUser-userIdCheck |  |  | undefined
07/01/2023 10:32:03:402  INFO - Node Entry | session id:sess380372 | ELibrary:ExistUser-userEventAnnounce | Framework | ExistUser-userEventAnnounce |  |  | undefined
07/01/2023 10:32:03:478  INFO - Node Entry | session id:sess380372 | ELibrary:ExistUser-userId | Framework | ExistUser-userId |  |  | undefined
07/01/2023 10:32:22:943  INFO - Node Entry | session id:sess380372 | ELibrary:hangupData | Framework | hangupData |  |  | undefined
07/01/2023 10:32:23:002  INFO - Node Entry | session id:sess380372 | ELibrary:Exit | Framework | Exit |  |  | undefined
07/01/2023 10:32:23:005  INFO - End | session id:sess380372 | ELibrary:Exit | CallEnd | Call End here |  |  | undefined
07/01/2023 10:32:23:005  INFO - Application Exit | session id:sess380372 | ELibrary:Exit | Framework | Application Exiting |  |  | undefined
07/01/2023 10:35:52:701  INFO - Node Entry | session id:sess9207581 | ELibrary:Start | Framework | Start |  |  | 
07/01/2023 10:35:53:008  INFO - Node Entry | session id:sess9207581 | ELibrary:Welcome | Framework | Welcome |  |  | undefined
07/01/2023 10:35:53:028  INFO - Start | session id:sess9207581 | ELibrary:Welcome | wecome start | Welcome Announcement start |  |  | undefined
07/01/2023 10:35:53:029  INFO - In Progress | session id:sess9207581 | ELibrary:Welcome | Welcome | Welcome Announcement Stop |  |  | undefined
07/01/2023 10:35:58:835  INFO - Node Entry | session id:sess9207581 | ELibrary:langMenu | Framework | langMenu |  |  | undefined
07/01/2023 10:36:00:585  INFO - Node Entry | session id:sess9207581 | ELibrary:Exist | Framework | Exist |  |  | undefined
07/01/2023 10:36:00:645  INFO - Node Entry | session id:sess9207581 | ELibrary:ExistUser-Begin | Framework | ExistUser-Begin |  |  | undefined
07/01/2023 10:36:00:708  INFO - Node Entry | session id:sess9207581 | ELibrary:ExistUser-userId | Framework | ExistUser-userId |  |  | undefined
07/01/2023 10:36:03:976  INFO - Node Entry | session id:sess9207581 | ELibrary:ExistUser-userIdVerify | Framework | ExistUser-userIdVerify | userId___utterance | 111111^0.949999988079071^0^0 | undefined
07/01/2023 10:36:04:070  INFO - Node Entry | session id:sess9207581 | ELibrary:ExistUser-userIdCheck | Framework | ExistUser-userIdCheck |  |  | undefined
07/01/2023 10:36:04:133  INFO - Node Entry | session id:sess9207581 | ELibrary:ExistUser-userEventAnnounce | Framework | ExistUser-userEventAnnounce |  |  | undefined
07/01/2023 10:36:04:211  INFO - Node Entry | session id:sess9207581 | ELibrary:ExistUser-userId | Framework | ExistUser-userId |  |  | undefined
07/01/2023 10:36:29:306  INFO - Node Entry | session id:sess9207581 | ELibrary:hangupData | Framework | hangupData |  |  | undefined
07/01/2023 10:36:29:368  INFO - Node Entry | session id:sess9207581 | ELibrary:Exit | Framework | Exit |  |  | undefined
07/01/2023 10:36:29:370  INFO - End | session id:sess9207581 | ELibrary:Exit | CallEnd | Call End here |  |  | undefined
07/01/2023 10:36:29:370  INFO - Application Exit | session id:sess9207581 | ELibrary:Exit | Framework | Application Exiting |  |  | undefined
07/01/2023 10:49:25:647  INFO - Node Entry | session id:sess2844042 | ELibrary:Start | Framework | Start |  |  | 
07/01/2023 10:49:26:036  INFO - Node Entry | session id:sess2844042 | ELibrary:Welcome | Framework | Welcome |  |  | undefined
07/01/2023 10:49:26:066  INFO - Start | session id:sess2844042 | ELibrary:Welcome | wecome start | Welcome Announcement start |  |  | undefined
07/01/2023 10:49:26:068  INFO - In Progress | session id:sess2844042 | ELibrary:Welcome | Welcome | Welcome Announcement Stop |  |  | undefined
07/01/2023 10:49:32:467  INFO - Node Entry | session id:sess2844042 | ELibrary:langMenu | Framework | langMenu |  |  | undefined
07/01/2023 10:49:34:213  INFO - Node Entry | session id:sess2844042 | ELibrary:Exist | Framework | Exist |  |  | undefined
07/01/2023 10:49:34:276  INFO - Node Entry | session id:sess2844042 | ELibrary:ExistUser-Begin | Framework | ExistUser-Begin |  |  | undefined
07/01/2023 10:49:34:339  INFO - Node Entry | session id:sess2844042 | ELibrary:ExistUser-userId | Framework | ExistUser-userId |  |  | undefined
07/01/2023 10:49:37:824  INFO - Node Entry | session id:sess2844042 | ELibrary:ExistUser-userIdVerify | Framework | ExistUser-userIdVerify | userId___utterance | 111111^0.949999988079071^0^0 | undefined
07/01/2023 10:49:37:918  INFO - Node Entry | session id:sess2844042 | ELibrary:ExistUser-userIdCheck | Framework | ExistUser-userIdCheck |  |  | undefined
07/01/2023 10:49:37:980  INFO - Node Entry | session id:sess2844042 | ELibrary:ExistUser-userEventAnnounce | Framework | ExistUser-userEventAnnounce |  |  | undefined
07/01/2023 10:49:38:059  INFO - Node Entry | session id:sess2844042 | ELibrary:ExistUser-userId | Framework | ExistUser-userId |  |  | undefined
07/01/2023 10:54:28:068  INFO - Node Entry | session id:sess532872 | ELibrary:Start | Framework | Start |  |  | 
07/01/2023 10:54:28:366  INFO - Node Entry | session id:sess532872 | ELibrary:Welcome | Framework | Welcome |  |  | undefined
07/01/2023 10:54:28:387  INFO - Start | session id:sess532872 | ELibrary:Welcome | wecome start | Welcome Announcement start |  |  | undefined
07/01/2023 10:54:28:387  INFO - In Progress | session id:sess532872 | ELibrary:Welcome | Welcome | Welcome Announcement Stop |  |  | undefined
07/01/2023 10:54:34:410  INFO - Node Entry | session id:sess532872 | ELibrary:langMenu | Framework | langMenu |  |  | undefined
07/01/2023 10:54:36:240  INFO - Node Entry | session id:sess532872 | ELibrary:Exist | Framework | Exist |  |  | undefined
07/01/2023 10:54:36:318  INFO - Node Entry | session id:sess532872 | ELibrary:ExistUser-Begin | Framework | ExistUser-Begin |  |  | undefined
07/01/2023 10:54:36:380  INFO - Node Entry | session id:sess532872 | ELibrary:ExistUser-userId | Framework | ExistUser-userId |  |  | undefined
07/01/2023 10:54:40:139  INFO - Node Entry | session id:sess532872 | ELibrary:ExistUser-userIdVerify | Framework | ExistUser-userIdVerify | userId___utterance | 111111^0.949999988079071^0^0 | undefined
07/01/2023 10:54:40:233  INFO - Node Entry | session id:sess532872 | ELibrary:ExistUser-userIdCheck | Framework | ExistUser-userIdCheck |  |  | undefined
07/01/2023 10:54:40:295  INFO - Node Entry | session id:sess532872 | ELibrary:ExistUser-userEventAnnounce | Framework | ExistUser-userEventAnnounce |  |  | undefined
07/01/2023 10:54:40:373  INFO - Node Entry | session id:sess532872 | ELibrary:ExistUser-userId | Framework | ExistUser-userId |  |  | undefined
07/01/2023 10:57:07:251  INFO - Node Entry | session id:sess9869878 | ELibrary:Start | Framework | Start |  |  | 
07/01/2023 10:57:07:669  INFO - Node Entry | session id:sess9869878 | ELibrary:Welcome | Framework | Welcome |  |  | undefined
07/01/2023 10:57:07:692  INFO - Start | session id:sess9869878 | ELibrary:Welcome | wecome start | Welcome Announcement start |  |  | undefined
07/01/2023 10:57:07:692  INFO - In Progress | session id:sess9869878 | ELibrary:Welcome | Welcome | Welcome Announcement Stop |  |  | undefined
07/01/2023 10:57:13:596  INFO - Node Entry | session id:sess9869878 | ELibrary:langMenu | Framework | langMenu |  |  | undefined
07/01/2023 10:57:17:950  INFO - Node Entry | session id:sess9869878 | ELibrary:Exist | Framework | Exist |  |  | undefined
07/01/2023 10:57:18:012  INFO - Node Entry | session id:sess9869878 | ELibrary:ExistUser-Begin | Framework | ExistUser-Begin |  |  | undefined
07/01/2023 10:57:18:076  INFO - Node Entry | session id:sess9869878 | ELibrary:ExistUser-userId | Framework | ExistUser-userId |  |  | undefined
07/01/2023 10:57:21:707  INFO - Node Entry | session id:sess9869878 | ELibrary:ExistUser-userIdVerify | Framework | ExistUser-userIdVerify | userId___utterance | 111111^0.949999988079071^0^0 | undefined
07/01/2023 10:57:21:817  INFO - Node Entry | session id:sess9869878 | ELibrary:ExistUser-userIdCheck | Framework | ExistUser-userIdCheck |  |  | undefined
07/01/2023 10:57:21:879  INFO - Node Entry | session id:sess9869878 | ELibrary:ExistUser-userEventAnnounce | Framework | ExistUser-userEventAnnounce |  |  | undefined
07/01/2023 10:57:21:958  INFO - Node Entry | session id:sess9869878 | ELibrary:ExistUser-userId | Framework | ExistUser-userId |  |  | undefined
07/01/2023 10:57:41:848  INFO - Node Entry | session id:sess9869878 | ELibrary:ExistUser-userIdVerify | Framework | ExistUser-userIdVerify | userId___utterance | 111111^0.949999988079071^0^0 | undefined
07/01/2023 10:57:41:911  INFO - Node Entry | session id:sess9869878 | ELibrary:ExistUser-userIdCheck | Framework | ExistUser-userIdCheck |  |  | undefined
07/01/2023 10:57:41:974  INFO - Node Entry | session id:sess9869878 | ELibrary:ExistUser-userEventAnnounce | Framework | ExistUser-userEventAnnounce |  |  | undefined
07/01/2023 10:57:42:052  INFO - Node Entry | session id:sess9869878 | ELibrary:ExistUser-userId | Framework | ExistUser-userId |  |  | undefined
07/01/2023 10:57:47:842  INFO - Node Entry | session id:sess9869878 | ELibrary:ExistUser-userIdVerify | Framework | ExistUser-userIdVerify | userId___utterance | 111111^0.949999988079071^0^0 | undefined
07/01/2023 10:57:47:906  INFO - Node Entry | session id:sess9869878 | ELibrary:ExistUser-userIdCheck | Framework | ExistUser-userIdCheck |  |  | undefined
07/01/2023 10:57:47:966  INFO - Node Entry | session id:sess9869878 | ELibrary:ExistUser-FinalAttemptUsercheck | Framework | ExistUser-FinalAttemptUsercheck |  |  | undefined
07/01/2023 10:57:48:078  INFO - Node Entry | session id:sess9869878 | ELibrary:ExistUser-EventReturntoElibrary | Framework | ExistUser-EventReturntoElibrary |  |  | undefined
07/01/2023 10:57:48:139  INFO - Node Entry | session id:sess9869878 | ELibrary:CallDisconnect | Framework | CallDisconnect |  |  | undefined
07/01/2023 10:57:55:785  INFO - Node Entry | session id:sess9869878 | ELibrary:Exit | Framework | Exit |  | ^^0^0 | undefined
07/01/2023 10:57:55:788  INFO - End | session id:sess9869878 | ELibrary:Exit | CallEnd | Call End here |  |  | undefined
07/01/2023 10:57:55:788  INFO - Application Exit | session id:sess9869878 | ELibrary:Exit | Framework | Application Exiting |  |  | undefined
07/01/2023 11:04:00:059  INFO - Node Entry | session id:sess2872162 | ELibrary:Start | Framework | Start |  |  | 
07/01/2023 11:04:00:398  INFO - Node Entry | session id:sess2872162 | ELibrary:Welcome | Framework | Welcome |  |  | undefined
07/01/2023 11:04:00:421  INFO - Start | session id:sess2872162 | ELibrary:Welcome | wecome start | Welcome Announcement start |  |  | undefined
07/01/2023 11:04:00:421  INFO - In Progress | session id:sess2872162 | ELibrary:Welcome | Welcome | Welcome Announcement Stop |  |  | undefined
07/01/2023 11:04:06:241  INFO - Node Entry | session id:sess2872162 | ELibrary:langMenu | Framework | langMenu |  |  | undefined
07/01/2023 11:04:08:429  INFO - Node Entry | session id:sess2872162 | ELibrary:Exist | Framework | Exist |  |  | undefined
07/01/2023 11:04:08:506  INFO - Node Entry | session id:sess2872162 | ELibrary:ExistUser-Begin | Framework | ExistUser-Begin |  |  | undefined
07/01/2023 11:04:08:569  INFO - Node Entry | session id:sess2872162 | ELibrary:ExistUser-userId | Framework | ExistUser-userId |  |  | undefined
07/01/2023 11:04:11:745  INFO - Node Entry | session id:sess2872162 | ELibrary:ExistUser-userIdVerify | Framework | ExistUser-userIdVerify | userId___utterance | 111111^0.949999988079071^0^0 | undefined
07/01/2023 11:04:11:839  INFO - Node Entry | session id:sess2872162 | ELibrary:ExistUser-userIdCheck | Framework | ExistUser-userIdCheck |  |  | undefined
07/01/2023 11:04:11:900  INFO - Node Entry | session id:sess2872162 | ELibrary:ExistUser-userEventAnnounce | Framework | ExistUser-userEventAnnounce |  |  | undefined
07/01/2023 11:04:11:977  INFO - Node Entry | session id:sess2872162 | ELibrary:ExistUser-userId | Framework | ExistUser-userId |  |  | undefined
07/01/2023 11:10:11:168  INFO - Node Entry | session id:sess9468381 | ELibrary:Start | Framework | Start |  |  | 
07/01/2023 11:10:11:642  INFO - Node Entry | session id:sess9468381 | ELibrary:Welcome | Framework | Welcome |  |  | undefined
07/01/2023 11:10:11:687  INFO - Start | session id:sess9468381 | ELibrary:Welcome | wecome start | Welcome Announcement start |  |  | undefined
07/01/2023 11:10:11:689  INFO - In Progress | session id:sess9468381 | ELibrary:Welcome | Welcome | Welcome Announcement Stop |  |  | undefined
07/01/2023 11:10:17:599  INFO - Node Entry | session id:sess9468381 | ELibrary:langMenu | Framework | langMenu |  |  | undefined
07/01/2023 11:10:25:902  INFO - Node Entry | session id:sess9468381 | ELibrary:Exist | Framework | Exist |  |  | undefined
07/01/2023 11:10:25:980  INFO - Node Entry | session id:sess9468381 | ELibrary:ExistUser-Begin | Framework | ExistUser-Begin |  |  | undefined
07/01/2023 11:10:26:042  INFO - Node Entry | session id:sess9468381 | ELibrary:ExistUser-userId | Framework | ExistUser-userId |  |  | undefined
07/01/2023 11:10:30:542  INFO - Node Entry | session id:sess9468381 | ELibrary:ExistUser-userIdVerify | Framework | ExistUser-userIdVerify | userId___utterance | 111111^0.949999988079071^0^0 | undefined
07/01/2023 11:10:30:604  INFO - Node Entry | session id:sess9468381 | ELibrary:ExistUser-userIdCheck | Framework | ExistUser-userIdCheck |  |  | undefined
07/01/2023 11:10:30:682  INFO - Node Entry | session id:sess9468381 | ELibrary:ExistUser-userEventAnnounce | Framework | ExistUser-userEventAnnounce |  |  | undefined
07/01/2023 11:10:30:760  INFO - Node Entry | session id:sess9468381 | ELibrary:ExistUser-userId | Framework | ExistUser-userId |  |  | undefined
07/01/2023 11:10:52:979  INFO - Node Entry | session id:sess9468381 | ELibrary:hangupData | Framework | hangupData |  |  | undefined
07/01/2023 11:10:53:041  INFO - Node Entry | session id:sess9468381 | ELibrary:Exit | Framework | Exit |  |  | undefined
07/01/2023 11:10:53:042  INFO - End | session id:sess9468381 | ELibrary:Exit | CallEnd | Call End here |  |  | undefined
07/01/2023 11:10:53:043  INFO - Application Exit | session id:sess9468381 | ELibrary:Exit | Framework | Application Exiting |  |  | undefined
07/01/2023 11:12:29:777  INFO - Node Entry | session id:sess5100427 | ELibrary:Start | Framework | Start |  |  | 
07/01/2023 11:12:29:870  INFO - Node Entry | session id:sess5100427 | ELibrary:Welcome | Framework | Welcome |  |  | undefined
07/01/2023 11:12:29:878  INFO - Start | session id:sess5100427 | ELibrary:Welcome | wecome start | Welcome Announcement start |  |  | undefined
07/01/2023 11:12:29:878  INFO - In Progress | session id:sess5100427 | ELibrary:Welcome | Welcome | Welcome Announcement Stop |  |  | undefined
07/01/2023 11:13:15:714  INFO - Node Entry | session id:sess3120413 | ELibrary:Start | Framework | Start |  |  | 
07/01/2023 11:13:16:058  INFO - Node Entry | session id:sess3120413 | ELibrary:Welcome | Framework | Welcome |  |  | undefined
07/01/2023 11:13:16:090  INFO - Start | session id:sess3120413 | ELibrary:Welcome | wecome start | Welcome Announcement start |  |  | undefined
07/01/2023 11:13:16:090  INFO - In Progress | session id:sess3120413 | ELibrary:Welcome | Welcome | Welcome Announcement Stop |  |  | undefined
07/01/2023 11:13:21:961  INFO - Node Entry | session id:sess3120413 | ELibrary:langMenu | Framework | langMenu |  |  | undefined
07/01/2023 11:13:23:689  INFO - Node Entry | session id:sess3120413 | ELibrary:Exist | Framework | Exist |  |  | undefined
07/01/2023 11:13:23:766  INFO - Node Entry | session id:sess3120413 | ELibrary:ExistUser-Begin | Framework | ExistUser-Begin |  |  | undefined
07/01/2023 11:13:23:830  INFO - Node Entry | session id:sess3120413 | ELibrary:ExistUser-userId | Framework | ExistUser-userId |  |  | undefined
07/01/2023 11:13:27:177  INFO - Node Entry | session id:sess3120413 | ELibrary:ExistUser-userIdVerify | Framework | ExistUser-userIdVerify | userId___utterance | 111111^0.949999988079071^0^0 | undefined
07/01/2023 11:13:27:239  INFO - Node Entry | session id:sess3120413 | ELibrary:ExistUser-userIdCheck | Framework | ExistUser-userIdCheck |  |  | undefined
07/01/2023 11:13:27:302  INFO - Node Entry | session id:sess3120413 | ELibrary:ExistUser-userEventAnnounce | Framework | ExistUser-userEventAnnounce |  |  | undefined
07/01/2023 11:13:27:380  INFO - Node Entry | session id:sess3120413 | ELibrary:ExistUser-userId | Framework | ExistUser-userId |  |  | undefined
07/01/2023 11:14:46:441  INFO - Node Entry | session id:sess1973518 | ELibrary:Start | Framework | Start |  |  | 
07/01/2023 11:14:46:813  INFO - Node Entry | session id:sess1973518 | ELibrary:Welcome | Framework | Welcome |  |  | undefined
07/01/2023 11:14:46:838  INFO - Start | session id:sess1973518 | ELibrary:Welcome | wecome start | Welcome Announcement start |  |  | undefined
07/01/2023 11:14:46:838  INFO - In Progress | session id:sess1973518 | ELibrary:Welcome | Welcome | Welcome Announcement Stop |  |  | undefined
07/01/2023 11:14:52:701  INFO - Node Entry | session id:sess1973518 | ELibrary:langMenu | Framework | langMenu |  |  | undefined
07/01/2023 11:14:54:935  INFO - Node Entry | session id:sess1973518 | ELibrary:Exist | Framework | Exist |  |  | undefined
07/01/2023 11:14:54:997  INFO - Node Entry | session id:sess1973518 | ELibrary:ExistUser-Begin | Framework | ExistUser-Begin |  |  | undefined
07/01/2023 11:14:55:060  INFO - Node Entry | session id:sess1973518 | ELibrary:ExistUser-userId | Framework | ExistUser-userId |  |  | undefined
07/01/2023 11:14:58:931  INFO - Node Entry | session id:sess1973518 | ELibrary:ExistUser-userIdVerify | Framework | ExistUser-userIdVerify | userId___utterance | 111111^0.949999988079071^0^0 | undefined
07/01/2023 11:14:58:994  INFO - Node Entry | session id:sess1973518 | ELibrary:ExistUser-userIdCheck | Framework | ExistUser-userIdCheck |  |  | undefined
07/01/2023 11:14:59:057  INFO - Node Entry | session id:sess1973518 | ELibrary:ExistUser-userEventAnnounce | Framework | ExistUser-userEventAnnounce |  |  | undefined
07/01/2023 11:14:59:133  INFO - Node Entry | session id:sess1973518 | ELibrary:ExistUser-userId | Framework | ExistUser-userId |  |  | undefined
07/01/2023 11:16:25:009  INFO - Node Entry | session id:sess1776356 | ELibrary:Start | Framework | Start |  |  | 
07/01/2023 11:16:25:418  INFO - Node Entry | session id:sess1776356 | ELibrary:Welcome | Framework | Welcome |  |  | undefined
07/01/2023 11:16:25:451  INFO - Start | session id:sess1776356 | ELibrary:Welcome | wecome start | Welcome Announcement start |  |  | undefined
07/01/2023 11:16:25:453  INFO - In Progress | session id:sess1776356 | ELibrary:Welcome | Welcome | Welcome Announcement Stop |  |  | undefined
07/01/2023 11:16:31:331  INFO - Node Entry | session id:sess1776356 | ELibrary:langMenu | Framework | langMenu |  |  | undefined
07/01/2023 11:16:35:660  INFO - Node Entry | session id:sess1776356 | ELibrary:Exist | Framework | Exist |  |  | undefined
07/01/2023 11:16:35:724  INFO - Node Entry | session id:sess1776356 | ELibrary:ExistUser-Begin | Framework | ExistUser-Begin |  |  | undefined
07/01/2023 11:16:35:788  INFO - Node Entry | session id:sess1776356 | ELibrary:ExistUser-userId | Framework | ExistUser-userId |  |  | undefined
07/01/2023 11:16:38:897  INFO - Node Entry | session id:sess1776356 | ELibrary:ExistUser-userIdVerify | Framework | ExistUser-userIdVerify | userId___utterance | 111111^0.949999988079071^0^0 | undefined
07/01/2023 11:16:38:960  INFO - Node Entry | session id:sess1776356 | ELibrary:ExistUser-userIdCheck | Framework | ExistUser-userIdCheck |  |  | undefined
07/01/2023 11:16:39:022  INFO - Node Entry | session id:sess1776356 | ELibrary:ExistUser-userEventAnnounce | Framework | ExistUser-userEventAnnounce |  |  | undefined
07/01/2023 11:16:39:101  INFO - Node Entry | session id:sess1776356 | ELibrary:ExistUser-userId | Framework | ExistUser-userId |  |  | undefined
07/01/2023 11:16:56:944  INFO - Node Entry | session id:sess1776356 | ELibrary:hangupData | Framework | hangupData |  |  | undefined
07/01/2023 11:16:57:006  INFO - Node Entry | session id:sess1776356 | ELibrary:Exit | Framework | Exit |  |  | undefined
07/01/2023 11:16:57:007  INFO - End | session id:sess1776356 | ELibrary:Exit | CallEnd | Call End here |  |  | undefined
07/01/2023 11:16:57:008  INFO - Application Exit | session id:sess1776356 | ELibrary:Exit | Framework | Application Exiting |  |  | undefined
07/01/2023 11:19:07:639  INFO - Node Entry | session id:sess4832209 | ELibrary:Start | Framework | Start |  |  | 
07/01/2023 11:19:08:108  INFO - Node Entry | session id:sess4832209 | ELibrary:Welcome | Framework | Welcome |  |  | undefined
07/01/2023 11:19:08:139  INFO - Start | session id:sess4832209 | ELibrary:Welcome | wecome start | Welcome Announcement start |  |  | undefined
07/01/2023 11:19:08:140  INFO - In Progress | session id:sess4832209 | ELibrary:Welcome | Welcome | Welcome Announcement Stop |  |  | undefined
07/01/2023 11:19:14:012  INFO - Node Entry | session id:sess4832209 | ELibrary:langMenu | Framework | langMenu |  |  | undefined
07/01/2023 11:19:15:748  INFO - Node Entry | session id:sess4832209 | ELibrary:Exist | Framework | Exist |  |  | undefined
07/01/2023 11:19:15:827  INFO - Node Entry | session id:sess4832209 | ELibrary:ExistUser-Begin | Framework | ExistUser-Begin |  |  | undefined
07/01/2023 11:19:15:889  INFO - Node Entry | session id:sess4832209 | ELibrary:ExistUser-userId | Framework | ExistUser-userId |  |  | undefined
07/01/2023 11:19:18:944  INFO - Node Entry | session id:sess4832209 | ELibrary:ExistUser-userIdVerify | Framework | ExistUser-userIdVerify | userId___utterance | 111111^0.949999988079071^0^0 | undefined
07/01/2023 11:19:19:037  INFO - Node Entry | session id:sess4832209 | ELibrary:ExistUser-userIdCheck | Framework | ExistUser-userIdCheck |  |  | undefined
07/01/2023 11:19:19:099  INFO - Node Entry | session id:sess4832209 | ELibrary:ExistUser-userEventAnnounce | Framework | ExistUser-userEventAnnounce |  |  | undefined
07/01/2023 11:19:19:178  INFO - Node Entry | session id:sess4832209 | ELibrary:ExistUser-userId | Framework | ExistUser-userId |  |  | undefined
07/01/2023 11:22:10:780  INFO - Node Entry | session id:sess9868568 | ELibrary:Start | Framework | Start |  |  | 
07/01/2023 11:22:11:371  INFO - Node Entry | session id:sess9868568 | ELibrary:Welcome | Framework | Welcome |  |  | undefined
07/01/2023 11:22:11:397  INFO - Start | session id:sess9868568 | ELibrary:Welcome | wecome start | Welcome Announcement start |  |  | undefined
07/01/2023 11:22:11:397  INFO - In Progress | session id:sess9868568 | ELibrary:Welcome | Welcome | Welcome Announcement Stop |  |  | undefined
07/01/2023 11:22:17:242  INFO - Node Entry | session id:sess9868568 | ELibrary:langMenu | Framework | langMenu |  |  | undefined
07/01/2023 11:22:19:002  INFO - Node Entry | session id:sess9868568 | ELibrary:Exist | Framework | Exist |  |  | undefined
07/01/2023 11:22:19:082  INFO - Node Entry | session id:sess9868568 | ELibrary:ExistUser-Begin | Framework | ExistUser-Begin |  |  | undefined
07/01/2023 11:22:19:146  INFO - Node Entry | session id:sess9868568 | ELibrary:ExistUser-userId | Framework | ExistUser-userId |  |  | undefined
07/01/2023 11:22:22:157  INFO - Node Entry | session id:sess9868568 | ELibrary:ExistUser-userIdVerify | Framework | ExistUser-userIdVerify | userId___utterance | 111111^0.949999988079071^0^0 | undefined
07/01/2023 11:22:22:532  INFO - Node Entry | session id:sess9868568 | ELibrary:ExistUser-userIdCheck | Framework | ExistUser-userIdCheck |  |  | undefined
07/01/2023 11:22:22:593  INFO - Node Entry | session id:sess9868568 | ELibrary:ExistUser-userEventAnnounce | Framework | ExistUser-userEventAnnounce |  |  | undefined
07/01/2023 11:22:22:673  INFO - Node Entry | session id:sess9868568 | ELibrary:ExistUser-userId | Framework | ExistUser-userId |  |  | undefined
07/01/2023 11:24:16:840  INFO - Node Entry | session id:sess339090 | ELibrary:Start | Framework | Start |  |  | 
07/01/2023 11:24:17:311  INFO - Node Entry | session id:sess339090 | ELibrary:Welcome | Framework | Welcome |  |  | undefined
07/01/2023 11:24:17:402  INFO - Start | session id:sess339090 | ELibrary:Welcome | wecome start | Welcome Announcement start |  |  | undefined
07/01/2023 11:24:17:403  INFO - In Progress | session id:sess339090 | ELibrary:Welcome | Welcome | Welcome Announcement Stop |  |  | undefined
07/01/2023 11:24:23:547  INFO - Node Entry | session id:sess339090 | ELibrary:langMenu | Framework | langMenu |  |  | undefined
07/01/2023 11:24:40:743  INFO - Node Entry | session id:sess339090 | ELibrary:Exist | Framework | Exist |  |  | undefined
07/01/2023 11:24:40:805  INFO - Node Entry | session id:sess339090 | ELibrary:ExistUser-Begin | Framework | ExistUser-Begin |  |  | undefined
07/01/2023 11:24:40:865  INFO - Node Entry | session id:sess339090 | ELibrary:ExistUser-userId | Framework | ExistUser-userId |  |  | undefined
07/01/2023 11:24:47:009  INFO - Node Entry | session id:sess339090 | ELibrary:ExistUser-userIdVerify | Framework | ExistUser-userIdVerify | userId___utterance | 111111^0.949999988079071^0^0 | undefined
07/01/2023 11:24:47:519  INFO - Node Entry | session id:sess339090 | ELibrary:ExistUser-userIdCheck | Framework | ExistUser-userIdCheck |  |  | undefined
07/01/2023 11:24:47:580  INFO - Node Entry | session id:sess339090 | ELibrary:ExistUser-password | Framework | ExistUser-password |  |  | undefined
07/01/2023 11:31:11:488  INFO - Node Entry | session id:sess3001217 | ELibrary:Start | Framework | Start |  |  | 
07/01/2023 11:31:11:982  INFO - Node Entry | session id:sess3001217 | ELibrary:Welcome | Framework | Welcome |  |  | undefined
07/01/2023 11:31:12:040  INFO - Start | session id:sess3001217 | ELibrary:Welcome | wecome start | Welcome Announcement start |  |  | undefined
07/01/2023 11:31:12:043  INFO - In Progress | session id:sess3001217 | ELibrary:Welcome | Welcome | Welcome Announcement Stop |  |  | undefined
07/01/2023 11:31:17:938  INFO - Node Entry | session id:sess3001217 | ELibrary:langMenu | Framework | langMenu |  |  | undefined
07/01/2023 11:31:24:903  INFO - Node Entry | session id:sess3001217 | ELibrary:Exist | Framework | Exist |  |  | undefined
07/01/2023 11:31:24:964  INFO - Node Entry | session id:sess3001217 | ELibrary:ExistUser-Begin | Framework | ExistUser-Begin |  |  | undefined
07/01/2023 11:31:25:026  INFO - Node Entry | session id:sess3001217 | ELibrary:ExistUser-userId | Framework | ExistUser-userId |  |  | undefined
07/01/2023 11:31:28:831  INFO - Node Entry | session id:sess3001217 | ELibrary:ExistUser-userIdVerify | Framework | ExistUser-userIdVerify | userId___utterance | 111111^0.949999988079071^0^0 | undefined
07/01/2023 11:31:28:926  INFO - Node Entry | session id:sess3001217 | ELibrary:ExistUser-userIdCheck | Framework | ExistUser-userIdCheck |  |  | undefined
07/01/2023 11:31:28:988  INFO - Node Entry | session id:sess3001217 | ELibrary:ExistUser-userEventAnnounce | Framework | ExistUser-userEventAnnounce |  |  | undefined
07/01/2023 11:31:29:066  INFO - Node Entry | session id:sess3001217 | ELibrary:ExistUser-userId | Framework | ExistUser-userId |  |  | undefined
07/01/2023 11:32:39:187  INFO - Node Entry | session id:sess4162342 | ELibrary:Start | Framework | Start |  |  | 
07/01/2023 11:32:39:625  INFO - Node Entry | session id:sess4162342 | ELibrary:Welcome | Framework | Welcome |  |  | undefined
07/01/2023 11:32:39:656  INFO - Start | session id:sess4162342 | ELibrary:Welcome | wecome start | Welcome Announcement start |  |  | undefined
07/01/2023 11:32:39:656  INFO - In Progress | session id:sess4162342 | ELibrary:Welcome | Welcome | Welcome Announcement Stop |  |  | undefined
07/01/2023 11:32:45:504  INFO - Node Entry | session id:sess4162342 | ELibrary:langMenu | Framework | langMenu |  |  | undefined
07/01/2023 11:32:47:241  INFO - Node Entry | session id:sess4162342 | ELibrary:Exist | Framework | Exist |  |  | undefined
07/01/2023 11:32:47:302  INFO - Node Entry | session id:sess4162342 | ELibrary:ExistUser-Begin | Framework | ExistUser-Begin |  |  | undefined
07/01/2023 11:32:47:366  INFO - Node Entry | session id:sess4162342 | ELibrary:ExistUser-userId | Framework | ExistUser-userId |  |  | undefined
07/01/2023 11:32:50:655  INFO - Node Entry | session id:sess4162342 | ELibrary:ExistUser-userIdVerify | Framework | ExistUser-userIdVerify | userId___utterance | 111111^0.949999988079071^0^0 | undefined
07/01/2023 11:32:51:071  INFO - Node Entry | session id:sess4162342 | ELibrary:ExistUser-userIdCheck | Framework | ExistUser-userIdCheck |  |  | undefined
07/01/2023 11:32:51:133  INFO - Node Entry | session id:sess4162342 | ELibrary:ExistUser-password | Framework | ExistUser-password |  |  | undefined
07/01/2023 11:32:54:436  INFO - Node Entry | session id:sess4162342 | ELibrary:ExistUser-passwordVerify | Framework | ExistUser-passwordVerify | password___utterance | 2145^0.949999988079071^0^0 | undefined
07/01/2023 11:32:54:503 ERROR - In Progress | session id:sess4162342 | ELibrary:ExistUser-passwordVerify |  | java.lang.NullPointerException | Exception stack trace | Error processing request
 EXCEPTION> 
java.lang.NullPointerException
	at flow.subflow.ExistUser.passwordVerify.requestBegin(passwordVerify.java:141)
	at com.avaya.sce.runtime.AppServlet.processRequest(AppServlet.java:81)
	at com.avaya.sce.runtime.SCEServlet.requestHandler(SCEServlet.java:247)
	at com.avaya.sce.runtime.SCEServlet.doPost(SCEServlet.java:148)
	at javax.servlet.http.HttpServlet.service(HttpServlet.java:652)
	at javax.servlet.http.HttpServlet.service(HttpServlet.java:733)
	at org.apache.catalina.core.ApplicationFilterChain.internalDoFilter(ApplicationFilterChain.java:231)
	at org.apache.catalina.core.ApplicationFilterChain.doFilter(ApplicationFilterChain.java:166)
	at org.apache.tomcat.websocket.server.WsFilter.doFilter(WsFilter.java:53)
	at org.apache.catalina.core.ApplicationFilterChain.internalDoFilter(ApplicationFilterChain.java:193)
	at org.apache.catalina.core.ApplicationFilterChain.doFilter(ApplicationFilterChain.java:166)
	at org.apache.logging.log4j.web.Log4jServletFilter.doFilter(Log4jServletFilter.java:71)
	at org.apache.catalina.core.ApplicationFilterChain.internalDoFilter(ApplicationFilterChain.java:193)
	at org.apache.catalina.core.ApplicationFilterChain.doFilter(ApplicationFilterChain.java:166)
	at org.apache.catalina.core.StandardWrapperValve.invoke(StandardWrapperValve.java:202)
	at org.apache.catalina.core.StandardContextValve.invoke(StandardContextValve.java:97)
	at org.apache.catalina.authenticator.AuthenticatorBase.invoke(AuthenticatorBase.java:542)
	at org.apache.catalina.core.StandardHostValve.invoke(StandardHostValve.java:143)
	at org.apache.catalina.valves.ErrorReportValve.invoke(ErrorReportValve.java:92)
	at org.apache.catalina.valves.AbstractAccessLogValve.invoke(AbstractAccessLogValve.java:690)
	at org.apache.catalina.core.StandardEngineValve.invoke(StandardEngineValve.java:78)
	at org.apache.catalina.connector.CoyoteAdapter.service(CoyoteAdapter.java:343)
	at org.apache.coyote.http11.Http11Processor.service(Http11Processor.java:374)
	at org.apache.coyote.AbstractProcessorLight.process(AbstractProcessorLight.java:65)
	at org.apache.coyote.AbstractProtocol$ConnectionHandler.process(AbstractProtocol.java:868)
	at org.apache.tomcat.util.net.NioEndpoint$SocketProcessor.doRun(NioEndpoint.java:1590)
	at org.apache.tomcat.util.net.SocketProcessorBase.run(SocketProcessorBase.java:49)
	at java.util.concurrent.ThreadPoolExecutor.runWorker(ThreadPoolExecutor.java:1149)
	at java.util.concurrent.ThreadPoolExecutor$Worker.run(ThreadPoolExecutor.java:624)
	at org.apache.tomcat.util.threads.TaskThread$WrappingRunnable.run(TaskThread.java:61)
	at java.lang.Thread.run(Thread.java:750)
 | undefined
07/01/2023 11:33:50:136  INFO - Node Entry | session id:sess7481534 | ELibrary:Start | Framework | Start |  |  | 
07/01/2023 11:33:50:604  INFO - Node Entry | session id:sess7481534 | ELibrary:Welcome | Framework | Welcome |  |  | undefined
07/01/2023 11:33:50:652  INFO - Start | session id:sess7481534 | ELibrary:Welcome | wecome start | Welcome Announcement start |  |  | undefined
07/01/2023 11:33:50:653  INFO - In Progress | session id:sess7481534 | ELibrary:Welcome | Welcome | Welcome Announcement Stop |  |  | undefined
07/01/2023 11:33:56:561  INFO - Node Entry | session id:sess7481534 | ELibrary:langMenu | Framework | langMenu |  |  | undefined
07/01/2023 11:34:00:903  INFO - Node Entry | session id:sess7481534 | ELibrary:Exist | Framework | Exist |  |  | undefined
07/01/2023 11:34:00:965  INFO - Node Entry | session id:sess7481534 | ELibrary:ExistUser-Begin | Framework | ExistUser-Begin |  |  | undefined
07/01/2023 11:34:01:027  INFO - Node Entry | session id:sess7481534 | ELibrary:ExistUser-userId | Framework | ExistUser-userId |  |  | undefined
07/01/2023 11:34:05:151  INFO - Node Entry | session id:sess7481534 | ELibrary:ExistUser-userIdVerify | Framework | ExistUser-userIdVerify | userId___utterance | 111111^0.949999988079071^0^0 | undefined
07/01/2023 11:34:05:214  INFO - Node Entry | session id:sess7481534 | ELibrary:ExistUser-userIdCheck | Framework | ExistUser-userIdCheck |  |  | undefined
07/01/2023 11:34:05:293  INFO - Node Entry | session id:sess7481534 | ELibrary:ExistUser-userEventAnnounce | Framework | ExistUser-userEventAnnounce |  |  | undefined
07/01/2023 11:34:05:372  INFO - Node Entry | session id:sess7481534 | ELibrary:ExistUser-userId | Framework | ExistUser-userId |  |  | undefined
07/01/2023 11:55:02:995  INFO - Node Entry | session id:sess9020499 | ELibrary:Start | Framework | Start |  |  | 
07/01/2023 11:55:03:721  INFO - Node Entry | session id:sess9020499 | ELibrary:Welcome | Framework | Welcome |  |  | undefined
07/01/2023 11:55:03:801  INFO - Start | session id:sess9020499 | ELibrary:Welcome | wecome start | Welcome Announcement start |  |  | undefined
07/01/2023 11:55:03:802  INFO - In Progress | session id:sess9020499 | ELibrary:Welcome | Welcome | Welcome Announcement Stop |  |  | undefined
07/01/2023 11:55:10:231  INFO - Node Entry | session id:sess9020499 | ELibrary:langMenu | Framework | langMenu |  |  | undefined
07/01/2023 11:55:17:804  INFO - Node Entry | session id:sess9020499 | ELibrary:Exist | Framework | Exist |  |  | undefined
07/01/2023 11:55:17:866  INFO - Node Entry | session id:sess9020499 | ELibrary:ExistUser-Begin | Framework | ExistUser-Begin |  |  | undefined
07/01/2023 11:55:17:929  INFO - Node Entry | session id:sess9020499 | ELibrary:ExistUser-userId | Framework | ExistUser-userId |  |  | undefined
07/01/2023 11:55:21:930  INFO - Node Entry | session id:sess9020499 | ELibrary:ExistUser-userIdVerify | Framework | ExistUser-userIdVerify | userId___utterance | 111111^0.949999988079071^0^0 | undefined
07/01/2023 11:55:22:301  INFO - Node Entry | session id:sess9020499 | ELibrary:ExistUser-userIdCheck | Framework | ExistUser-userIdCheck |  |  | undefined
07/01/2023 11:55:22:363  INFO - Node Entry | session id:sess9020499 | ELibrary:ExistUser-userEventAnnounce | Framework | ExistUser-userEventAnnounce |  |  | undefined
07/01/2023 11:55:22:441  INFO - Node Entry | session id:sess9020499 | ELibrary:ExistUser-userId | Framework | ExistUser-userId |  |  | undefined
07/01/2023 11:56:30:682  INFO - Node Entry | session id:sess2356573 | ELibrary:Start | Framework | Start |  |  | 
07/01/2023 11:56:31:101  INFO - Node Entry | session id:sess2356573 | ELibrary:Welcome | Framework | Welcome |  |  | undefined
07/01/2023 11:56:31:163  INFO - Start | session id:sess2356573 | ELibrary:Welcome | wecome start | Welcome Announcement start |  |  | undefined
07/01/2023 11:56:31:163  INFO - In Progress | session id:sess2356573 | ELibrary:Welcome | Welcome | Welcome Announcement Stop |  |  | undefined
07/01/2023 11:56:37:110  INFO - Node Entry | session id:sess2356573 | ELibrary:langMenu | Framework | langMenu |  |  | undefined
07/01/2023 11:56:41:378  INFO - Node Entry | session id:sess2356573 | ELibrary:LanguageAnnounce | Framework | LanguageAnnounce | langMenu___utterance | 1^0.949999988079071^0^0 | undefined
07/01/2023 11:56:44:137  INFO - Node Entry | session id:sess2356573 | ELibrary:langReturn | Framework | langReturn |  |  | undefined
07/01/2023 11:56:51:196  INFO - Node Entry | session id:sess2356573 | ELibrary:Exist | Framework | Exist |  |  | undefined
07/01/2023 11:56:51:259  INFO - Node Entry | session id:sess2356573 | ELibrary:ExistUser-Begin | Framework | ExistUser-Begin |  |  | undefined
07/01/2023 11:56:51:322  INFO - Node Entry | session id:sess2356573 | ELibrary:ExistUser-userId | Framework | ExistUser-userId |  |  | undefined
07/01/2023 11:56:54:372  INFO - Node Entry | session id:sess2356573 | ELibrary:ExistUser-userIdVerify | Framework | ExistUser-userIdVerify | userId___utterance | 111111^0.949999988079071^0^0 | undefined
07/01/2023 11:56:54:993  INFO - Node Entry | session id:sess2356573 | ELibrary:ExistUser-userIdCheck | Framework | ExistUser-userIdCheck |  |  | undefined
07/01/2023 11:56:55:086  INFO - Node Entry | session id:sess2356573 | ELibrary:ExistUser-password | Framework | ExistUser-password |  |  | undefined
07/01/2023 11:56:57:842  INFO - Node Entry | session id:sess2356573 | ELibrary:ExistUser-passwordVerify | Framework | ExistUser-passwordVerify | password___utterance | 1111^0.949999988079071^0^0 | undefined
07/01/2023 11:56:57:909 ERROR - In Progress | session id:sess2356573 | ELibrary:ExistUser-passwordVerify |  | java.lang.NullPointerException | Exception stack trace | Error processing request
 EXCEPTION> 
java.lang.NullPointerException
	at flow.subflow.ExistUser.passwordVerify.requestBegin(passwordVerify.java:141)
	at com.avaya.sce.runtime.AppServlet.processRequest(AppServlet.java:81)
	at com.avaya.sce.runtime.SCEServlet.requestHandler(SCEServlet.java:247)
	at com.avaya.sce.runtime.SCEServlet.doPost(SCEServlet.java:148)
	at javax.servlet.http.HttpServlet.service(HttpServlet.java:652)
	at javax.servlet.http.HttpServlet.service(HttpServlet.java:733)
	at org.apache.catalina.core.ApplicationFilterChain.internalDoFilter(ApplicationFilterChain.java:231)
	at org.apache.catalina.core.ApplicationFilterChain.doFilter(ApplicationFilterChain.java:166)
	at org.apache.tomcat.websocket.server.WsFilter.doFilter(WsFilter.java:53)
	at org.apache.catalina.core.ApplicationFilterChain.internalDoFilter(ApplicationFilterChain.java:193)
	at org.apache.catalina.core.ApplicationFilterChain.doFilter(ApplicationFilterChain.java:166)
	at org.apache.logging.log4j.web.Log4jServletFilter.doFilter(Log4jServletFilter.java:71)
	at org.apache.catalina.core.ApplicationFilterChain.internalDoFilter(ApplicationFilterChain.java:193)
	at org.apache.catalina.core.ApplicationFilterChain.doFilter(ApplicationFilterChain.java:166)
	at org.apache.catalina.core.StandardWrapperValve.invoke(StandardWrapperValve.java:202)
	at org.apache.catalina.core.StandardContextValve.invoke(StandardContextValve.java:97)
	at org.apache.catalina.authenticator.AuthenticatorBase.invoke(AuthenticatorBase.java:542)
	at org.apache.catalina.core.StandardHostValve.invoke(StandardHostValve.java:143)
	at org.apache.catalina.valves.ErrorReportValve.invoke(ErrorReportValve.java:92)
	at org.apache.catalina.valves.AbstractAccessLogValve.invoke(AbstractAccessLogValve.java:690)
	at org.apache.catalina.core.StandardEngineValve.invoke(StandardEngineValve.java:78)
	at org.apache.catalina.connector.CoyoteAdapter.service(CoyoteAdapter.java:343)
	at org.apache.coyote.http11.Http11Processor.service(Http11Processor.java:374)
	at org.apache.coyote.AbstractProcessorLight.process(AbstractProcessorLight.java:65)
	at org.apache.coyote.AbstractProtocol$ConnectionHandler.process(AbstractProtocol.java:868)
	at org.apache.tomcat.util.net.NioEndpoint$SocketProcessor.doRun(NioEndpoint.java:1590)
	at org.apache.tomcat.util.net.SocketProcessorBase.run(SocketProcessorBase.java:49)
	at java.util.concurrent.ThreadPoolExecutor.runWorker(ThreadPoolExecutor.java:1149)
	at java.util.concurrent.ThreadPoolExecutor$Worker.run(ThreadPoolExecutor.java:624)
	at org.apache.tomcat.util.threads.TaskThread$WrappingRunnable.run(TaskThread.java:61)
	at java.lang.Thread.run(Thread.java:750)
 | undefined
07/01/2023 11:59:46:750  INFO - Node Entry | session id:sess9002209 | ELibrary:Start | Framework | Start |  |  | 
07/01/2023 11:59:47:320  INFO - Node Entry | session id:sess9002209 | ELibrary:Welcome | Framework | Welcome |  |  | undefined
07/01/2023 11:59:47:352  INFO - Start | session id:sess9002209 | ELibrary:Welcome | wecome start | Welcome Announcement start |  |  | undefined
07/01/2023 11:59:47:353  INFO - In Progress | session id:sess9002209 | ELibrary:Welcome | Welcome | Welcome Announcement Stop |  |  | undefined
07/01/2023 11:59:53:332  INFO - Node Entry | session id:sess9002209 | ELibrary:langMenu | Framework | langMenu |  |  | undefined
07/01/2023 11:59:55:071  INFO - Node Entry | session id:sess9002209 | ELibrary:Exist | Framework | Exist |  |  | undefined
07/01/2023 11:59:55:150  INFO - Node Entry | session id:sess9002209 | ELibrary:ExistUser-Begin | Framework | ExistUser-Begin |  |  | undefined
07/01/2023 11:59:55:212  INFO - Node Entry | session id:sess9002209 | ELibrary:ExistUser-userId | Framework | ExistUser-userId |  |  | undefined
07/01/2023 11:59:57:798  INFO - Node Entry | session id:sess9002209 | ELibrary:ExistUser-userIdVerify | Framework | ExistUser-userIdVerify | userId___utterance | 111111^0.949999988079071^0^0 | undefined
07/01/2023 11:59:57:908  INFO - Node Entry | session id:sess9002209 | ELibrary:ExistUser-userIdCheck | Framework | ExistUser-userIdCheck |  |  | undefined
07/01/2023 11:59:57:970  INFO - Node Entry | session id:sess9002209 | ELibrary:ExistUser-userEventAnnounce | Framework | ExistUser-userEventAnnounce |  |  | undefined
07/01/2023 11:59:58:048  INFO - Node Entry | session id:sess9002209 | ELibrary:ExistUser-userId | Framework | ExistUser-userId |  |  | undefined
07/01/2023 12:02:04:275  INFO - Node Entry | session id:sess7119514 | ELibrary:Start | Framework | Start |  |  | 
07/01/2023 12:02:04:539  INFO - Node Entry | session id:sess7119514 | ELibrary:Welcome | Framework | Welcome |  |  | undefined
07/01/2023 12:02:04:571  INFO - Start | session id:sess7119514 | ELibrary:Welcome | wecome start | Welcome Announcement start |  |  | undefined
07/01/2023 12:02:04:571  INFO - In Progress | session id:sess7119514 | ELibrary:Welcome | Welcome | Welcome Announcement Stop |  |  | undefined
07/01/2023 12:02:10:421  INFO - Node Entry | session id:sess7119514 | ELibrary:langMenu | Framework | langMenu |  |  | undefined
07/01/2023 12:02:15:585  INFO - Node Entry | session id:sess7119514 | ELibrary:Exist | Framework | Exist |  |  | undefined
07/01/2023 12:02:15:662  INFO - Node Entry | session id:sess7119514 | ELibrary:ExistUser-Begin | Framework | ExistUser-Begin |  |  | undefined
07/01/2023 12:02:15:726  INFO - Node Entry | session id:sess7119514 | ELibrary:ExistUser-userId | Framework | ExistUser-userId |  |  | undefined
07/01/2023 12:02:19:189  INFO - Node Entry | session id:sess7119514 | ELibrary:ExistUser-userIdVerify | Framework | ExistUser-userIdVerify | userId___utterance | 111111^0.949999988079071^0^0 | undefined
07/01/2023 12:02:19:777  INFO - Node Entry | session id:sess7119514 | ELibrary:ExistUser-userIdCheck | Framework | ExistUser-userIdCheck |  |  | undefined
07/01/2023 12:02:19:840  INFO - Node Entry | session id:sess7119514 | ELibrary:ExistUser-password | Framework | ExistUser-password |  |  | undefined
07/01/2023 12:13:28:748  INFO - Node Entry | session id:sess4575102 | ELibrary:Start | Framework | Start |  |  | 
07/01/2023 12:13:29:108  INFO - Node Entry | session id:sess4575102 | ELibrary:Welcome | Framework | Welcome |  |  | undefined
07/01/2023 12:13:29:132  INFO - Start | session id:sess4575102 | ELibrary:Welcome | wecome start | Welcome Announcement start |  |  | undefined
07/01/2023 12:13:29:132  INFO - In Progress | session id:sess4575102 | ELibrary:Welcome | Welcome | Welcome Announcement Stop |  |  | undefined
07/01/2023 12:13:34:976  INFO - Node Entry | session id:sess4575102 | ELibrary:langMenu | Framework | langMenu |  |  | undefined
07/01/2023 12:13:36:719  INFO - Node Entry | session id:sess4575102 | ELibrary:Exist | Framework | Exist |  |  | undefined
07/01/2023 12:13:36:796  INFO - Node Entry | session id:sess4575102 | ELibrary:ExistUser-Begin | Framework | ExistUser-Begin |  |  | undefined
07/01/2023 12:13:36:858  INFO - Node Entry | session id:sess4575102 | ELibrary:ExistUser-userId | Framework | ExistUser-userId |  |  | undefined
07/01/2023 12:13:40:638  INFO - Node Entry | session id:sess4575102 | ELibrary:ExistUser-userIdVerify | Framework | ExistUser-userIdVerify | userId___utterance | 111111^0.949999988079071^0^0 | undefined
07/01/2023 12:13:41:244  INFO - Node Entry | session id:sess4575102 | ELibrary:ExistUser-userIdCheck | Framework | ExistUser-userIdCheck |  |  | undefined
07/01/2023 12:13:41:305  INFO - Node Entry | session id:sess4575102 | ELibrary:ExistUser-password | Framework | ExistUser-password |  |  | undefined
07/01/2023 12:13:43:798  INFO - Node Entry | session id:sess4575102 | ELibrary:ExistUser-passwordVerify | Framework | ExistUser-passwordVerify | password___utterance | 1111^0.949999988079071^0^0 | undefined
07/01/2023 12:13:43:955  INFO - Node Entry | session id:sess4575102 | ELibrary:ExistUser-passCheck | Framework | ExistUser-passCheck |  |  | undefined
07/01/2023 12:13:44:019  INFO - Node Entry | session id:sess4575102 | ELibrary:ExistUser-CartFlow | Framework | ExistUser-CartFlow |  |  | undefined
07/01/2023 12:13:44:081  INFO - Node Entry | session id:sess4575102 | ELibrary:CartMenuFlow-Begin | Framework | CartMenuFlow-Begin |  |  | undefined
07/01/2023 12:13:44:142  INFO - Node Entry | session id:sess4575102 | ELibrary:CartMenuFlow-CartMenu | Framework | CartMenuFlow-CartMenu |  |  | undefined
07/01/2023 12:21:36:667  INFO - Node Entry | session id:sess749592 | ELibrary:Start | Framework | Start |  |  | 
07/01/2023 12:21:37:401  INFO - Node Entry | session id:sess749592 | ELibrary:Welcome | Framework | Welcome |  |  | undefined
07/01/2023 12:21:37:436  INFO - Start | session id:sess749592 | ELibrary:Welcome | wecome start | Welcome Announcement start |  |  | undefined
07/01/2023 12:21:37:436  INFO - In Progress | session id:sess749592 | ELibrary:Welcome | Welcome | Welcome Announcement Stop |  |  | undefined
07/01/2023 12:21:43:411  INFO - Node Entry | session id:sess749592 | ELibrary:langMenu | Framework | langMenu |  |  | undefined
07/01/2023 12:21:47:646  INFO - Node Entry | session id:sess749592 | ELibrary:Exist | Framework | Exist |  |  | undefined
07/01/2023 12:21:47:708  INFO - Node Entry | session id:sess749592 | ELibrary:ExistUser-Begin | Framework | ExistUser-Begin |  |  | undefined
07/01/2023 12:21:47:771  INFO - Node Entry | session id:sess749592 | ELibrary:ExistUser-userId | Framework | ExistUser-userId |  |  | undefined
07/01/2023 12:21:50:571  INFO - Node Entry | session id:sess749592 | ELibrary:ExistUser-userIdVerify | Framework | ExistUser-userIdVerify | userId___utterance | 111111^0.949999988079071^0^0 | undefined
07/01/2023 12:21:51:099  INFO - Node Entry | session id:sess749592 | ELibrary:ExistUser-userIdCheck | Framework | ExistUser-userIdCheck |  |  | undefined
07/01/2023 12:21:51:161  INFO - Node Entry | session id:sess749592 | ELibrary:ExistUser-password | Framework | ExistUser-password |  |  | undefined
07/01/2023 12:21:55:075  INFO - Node Entry | session id:sess749592 | ELibrary:ExistUser-passwordVerify | Framework | ExistUser-passwordVerify | password___utterance | 1111^0.949999988079071^0^0 | undefined
07/01/2023 12:21:55:306  INFO - Node Entry | session id:sess749592 | ELibrary:ExistUser-passCheck | Framework | ExistUser-passCheck |  |  | undefined
07/01/2023 12:21:55:367  INFO - Node Entry | session id:sess749592 | ELibrary:ExistUser-CartFlow | Framework | ExistUser-CartFlow |  |  | undefined
07/01/2023 12:21:55:431  INFO - Node Entry | session id:sess749592 | ELibrary:CartMenuFlow-Begin | Framework | CartMenuFlow-Begin |  |  | undefined
07/01/2023 12:21:55:493  INFO - Node Entry | session id:sess749592 | ELibrary:CartMenuFlow-CartMenu | Framework | CartMenuFlow-CartMenu |  |  | undefined
07/01/2023 12:24:12:248  INFO - Node Entry | session id:sess5197794 | ELibrary:Start | Framework | Start |  |  | 
07/01/2023 12:24:12:769  INFO - Node Entry | session id:sess5197794 | ELibrary:Welcome | Framework | Welcome |  |  | undefined
07/01/2023 12:24:12:793  INFO - Start | session id:sess5197794 | ELibrary:Welcome | wecome start | Welcome Announcement start |  |  | undefined
07/01/2023 12:24:12:794  INFO - In Progress | session id:sess5197794 | ELibrary:Welcome | Welcome | Welcome Announcement Stop |  |  | undefined
07/01/2023 12:24:18:631  INFO - Node Entry | session id:sess5197794 | ELibrary:langMenu | Framework | langMenu |  |  | undefined
07/01/2023 12:24:20:400  INFO - Node Entry | session id:sess5197794 | ELibrary:Exist | Framework | Exist |  |  | undefined
07/01/2023 12:24:20:475  INFO - Node Entry | session id:sess5197794 | ELibrary:ExistUser-Begin | Framework | ExistUser-Begin |  |  | undefined
07/01/2023 12:24:20:537  INFO - Node Entry | session id:sess5197794 | ELibrary:ExistUser-userId | Framework | ExistUser-userId |  |  | undefined
07/01/2023 12:24:23:609  INFO - Node Entry | session id:sess5197794 | ELibrary:ExistUser-userIdVerify | Framework | ExistUser-userIdVerify | userId___utterance | 111111^0.949999988079071^0^0 | undefined
07/01/2023 12:24:24:192  INFO - Node Entry | session id:sess5197794 | ELibrary:ExistUser-userIdCheck | Framework | ExistUser-userIdCheck |  |  | undefined
07/01/2023 12:24:24:256  INFO - Node Entry | session id:sess5197794 | ELibrary:ExistUser-password | Framework | ExistUser-password |  |  | undefined
07/01/2023 12:24:26:580  INFO - Node Entry | session id:sess5197794 | ELibrary:ExistUser-passwordVerify | Framework | ExistUser-passwordVerify | password___utterance | 1111^0.949999988079071^0^0 | undefined
07/01/2023 12:24:26:780  INFO - Node Entry | session id:sess5197794 | ELibrary:ExistUser-passCheck | Framework | ExistUser-passCheck |  |  | undefined
07/01/2023 12:24:26:844  INFO - Node Entry | session id:sess5197794 | ELibrary:ExistUser-CartFlow | Framework | ExistUser-CartFlow |  |  | undefined
07/01/2023 12:24:26:907  INFO - Node Entry | session id:sess5197794 | ELibrary:CartMenuFlow-Begin | Framework | CartMenuFlow-Begin |  |  | undefined
07/01/2023 12:24:26:970  INFO - Node Entry | session id:sess5197794 | ELibrary:CartMenuFlow-CartMenu | Framework | CartMenuFlow-CartMenu |  |  | undefined
