02/02/2023 10:33:33:671  INFO - Node Entry | session id:sess700095 | ELibrary:Start | Framework | Start |  |  | 
02/02/2023 10:33:34:474  INFO - Node Entry | session id:sess700095 | ELibrary:Welcome | Framework | Welcome |  |  | undefined
02/02/2023 10:33:34:903  INFO - Start | session id:sess700095 | ELibrary:Welcome | wecome start | Welcome Announcement start |  |  | undefined
02/02/2023 10:33:34:903  INFO - In Progress | session id:sess700095 | ELibrary:Welcome | Welcome | Welcome Announcement Stop |  |  | undefined
02/02/2023 10:33:41:066  INFO - Node Entry | session id:sess700095 | ELibrary:langMenu | Framework | langMenu |  |  | undefined
02/02/2023 10:33:43:663  INFO - Node Entry | session id:sess700095 | ELibrary:LanguageAnnounce | Framework | LanguageAnnounce | langMenu___utterance | 1^0.949999988079071^0^0 | undefined
02/02/2023 10:33:46:483  INFO - Node Entry | session id:sess700095 | ELibrary:userMenu | Framework | userMenu |  |  | undefined
02/02/2023 10:33:54:422  INFO - Node Entry | session id:sess700095 | ELibrary:oldUserAnnounce | Framework | oldUserAnnounce | userMenu___utterance | 2^0.949999988079071^0^0 | undefined
02/02/2023 10:33:56:957  INFO - Node Entry | session id:sess700095 | ELibrary:Exist | Framework | Exist |  |  | undefined
02/02/2023 10:33:57:021  INFO - Node Entry | session id:sess700095 | ELibrary:ExistUser-Begin | Framework | ExistUser-Begin |  |  | undefined
02/02/2023 10:33:57:089  INFO - Node Entry | session id:sess700095 | ELibrary:ExistUser-userId | Framework | ExistUser-userId |  |  | undefined
02/02/2023 10:34:02:600  INFO - Node Entry | session id:sess700095 | ELibrary:ExistUser-password | Framework | ExistUser-password | userId___utterance | 100000^0.949999988079071^0^0 | undefined
02/02/2023 10:34:06:271  INFO - Node Entry | session id:sess700095 | ELibrary:ExistUser-passwordVerify | Framework | ExistUser-passwordVerify | password___utterance | 1111^0.949999988079071^0^0 | undefined
02/02/2023 10:34:06:374 ERROR - In Progress | session id:sess700095 | ELibrary:ExistUser-passwordVerify |  | java.lang.NoClassDefFoundError: org/json/simple/parser/ParseException | Exception stack trace | Error processing request
 EXCEPTION> 
java.lang.NoClassDefFoundError: org/json/simple/parser/ParseException
	at flow.subflow.ExistUser.passwordVerify.requestBegin(passwordVerify.java:106)
	at com.avaya.sce.runtime.AppServlet.processRequest(AppServlet.java:81)
	at com.avaya.sce.runtime.SCEServlet.requestHandler(SCEServlet.java:247)
	at com.avaya.sce.runtime.SCEServlet.doPost(SCEServlet.java:148)
	at javax.servlet.http.HttpServlet.service(HttpServlet.java:652)
	at javax.servlet.http.HttpServlet.service(HttpServlet.java:733)
	at org.apache.catalina.core.ApplicationFilterChain.internalDoFilter(ApplicationFilterChain.java:231)
	at org.apache.catalina.core.ApplicationFilterChain.doFilter(ApplicationFilterChain.java:166)
	at org.apache.tomcat.websocket.server.WsFilter.doFilter(WsFilter.java:53)
	at org.apache.catalina.core.ApplicationFilterChain.internalDoFilter(ApplicationFilterChain.java:193)
	at org.apache.catalina.core.ApplicationFilterChain.doFilter(ApplicationFilterChain.java:166)
	at org.apache.logging.log4j.web.Log4jServletFilter.doFilter(Log4jServletFilter.java:71)
	at org.apache.catalina.core.ApplicationFilterChain.internalDoFilter(ApplicationFilterChain.java:193)
	at org.apache.catalina.core.ApplicationFilterChain.doFilter(ApplicationFilterChain.java:166)
	at org.apache.catalina.core.StandardWrapperValve.invoke(StandardWrapperValve.java:202)
	at org.apache.catalina.core.StandardContextValve.invoke(StandardContextValve.java:97)
	at org.apache.catalina.authenticator.AuthenticatorBase.invoke(AuthenticatorBase.java:542)
	at org.apache.catalina.core.StandardHostValve.invoke(StandardHostValve.java:143)
	at org.apache.catalina.valves.ErrorReportValve.invoke(ErrorReportValve.java:92)
	at org.apache.catalina.valves.AbstractAccessLogValve.invoke(AbstractAccessLogValve.java:690)
	at org.apache.catalina.core.StandardEngineValve.invoke(StandardEngineValve.java:78)
	at org.apache.catalina.connector.CoyoteAdapter.service(CoyoteAdapter.java:343)
	at org.apache.coyote.http11.Http11Processor.service(Http11Processor.java:374)
	at org.apache.coyote.AbstractProcessorLight.process(AbstractProcessorLight.java:65)
	at org.apache.coyote.AbstractProtocol$ConnectionHandler.process(AbstractProtocol.java:868)
	at org.apache.tomcat.util.net.NioEndpoint$SocketProcessor.doRun(NioEndpoint.java:1590)
	at org.apache.tomcat.util.net.SocketProcessorBase.run(SocketProcessorBase.java:49)
	at java.util.concurrent.ThreadPoolExecutor.runWorker(ThreadPoolExecutor.java:1149)
	at java.util.concurrent.ThreadPoolExecutor$Worker.run(ThreadPoolExecutor.java:624)
	at org.apache.tomcat.util.threads.TaskThread$WrappingRunnable.run(TaskThread.java:61)
	at java.lang.Thread.run(Thread.java:750)
Caused by: java.lang.ClassNotFoundException: org.json.simple.parser.ParseException
	at org.apache.catalina.loader.WebappClassLoaderBase.loadClass(WebappClassLoaderBase.java:1365)
	at org.apache.catalina.loader.WebappClassLoaderBase.loadClass(WebappClassLoaderBase.java:1188)
	... 31 more
 | undefined
02/02/2023 10:36:33:092  INFO - Node Entry | session id:sess1459035 | ELibrary:Start | Framework | Start |  |  | 
02/02/2023 10:36:33:918  INFO - Node Entry | session id:sess1459035 | ELibrary:Welcome | Framework | Welcome |  |  | undefined
02/02/2023 10:36:34:035  INFO - Start | session id:sess1459035 | ELibrary:Welcome | wecome start | Welcome Announcement start |  |  | undefined
02/02/2023 10:36:34:035  INFO - In Progress | session id:sess1459035 | ELibrary:Welcome | Welcome | Welcome Announcement Stop |  |  | undefined
02/02/2023 10:36:39:929  INFO - Node Entry | session id:sess1459035 | ELibrary:langMenu | Framework | langMenu |  |  | undefined
02/02/2023 10:36:41:741  INFO - Node Entry | session id:sess1459035 | ELibrary:LanguageAnnounce | Framework | LanguageAnnounce | langMenu___utterance | 1^0.949999988079071^0^0 | undefined
02/02/2023 10:36:44:480  INFO - Node Entry | session id:sess1459035 | ELibrary:userMenu | Framework | userMenu |  |  | undefined
02/02/2023 10:36:50:358  INFO - Node Entry | session id:sess1459035 | ELibrary:oldUserAnnounce | Framework | oldUserAnnounce | userMenu___utterance | 2^0.949999988079071^0^0 | undefined
02/02/2023 10:36:52:875  INFO - Node Entry | session id:sess1459035 | ELibrary:Exist | Framework | Exist |  |  | undefined
02/02/2023 10:36:52:938  INFO - Node Entry | session id:sess1459035 | ELibrary:ExistUser-Begin | Framework | ExistUser-Begin |  |  | undefined
02/02/2023 10:36:53:002  INFO - Node Entry | session id:sess1459035 | ELibrary:ExistUser-userId | Framework | ExistUser-userId |  |  | undefined
02/02/2023 10:36:56:167  INFO - Node Entry | session id:sess1459035 | ELibrary:ExistUser-password | Framework | ExistUser-password | userId___utterance | 100000^0.949999988079071^0^0 | undefined
02/02/2023 10:36:59:484  INFO - Node Entry | session id:sess1459035 | ELibrary:ExistUser-passwordVerify | Framework | ExistUser-passwordVerify | password___utterance | 1111^0.949999988079071^0^0 | undefined
02/02/2023 10:36:59:569 ERROR - In Progress | session id:sess1459035 | ELibrary:ExistUser-passwordVerify |  | java.lang.NoClassDefFoundError: org/json/simple/parser/ParseException | Exception stack trace | Error processing request
 EXCEPTION> 
java.lang.NoClassDefFoundError: org/json/simple/parser/ParseException
	at flow.subflow.ExistUser.passwordVerify.requestBegin(passwordVerify.java:104)
	at com.avaya.sce.runtime.AppServlet.processRequest(AppServlet.java:81)
	at com.avaya.sce.runtime.SCEServlet.requestHandler(SCEServlet.java:247)
	at com.avaya.sce.runtime.SCEServlet.doPost(SCEServlet.java:148)
	at javax.servlet.http.HttpServlet.service(HttpServlet.java:652)
	at javax.servlet.http.HttpServlet.service(HttpServlet.java:733)
	at org.apache.catalina.core.ApplicationFilterChain.internalDoFilter(ApplicationFilterChain.java:231)
	at org.apache.catalina.core.ApplicationFilterChain.doFilter(ApplicationFilterChain.java:166)
	at org.apache.tomcat.websocket.server.WsFilter.doFilter(WsFilter.java:53)
	at org.apache.catalina.core.ApplicationFilterChain.internalDoFilter(ApplicationFilterChain.java:193)
	at org.apache.catalina.core.ApplicationFilterChain.doFilter(ApplicationFilterChain.java:166)
	at org.apache.logging.log4j.web.Log4jServletFilter.doFilter(Log4jServletFilter.java:71)
	at org.apache.catalina.core.ApplicationFilterChain.internalDoFilter(ApplicationFilterChain.java:193)
	at org.apache.catalina.core.ApplicationFilterChain.doFilter(ApplicationFilterChain.java:166)
	at org.apache.catalina.core.StandardWrapperValve.invoke(StandardWrapperValve.java:202)
	at org.apache.catalina.core.StandardContextValve.invoke(StandardContextValve.java:97)
	at org.apache.catalina.authenticator.AuthenticatorBase.invoke(AuthenticatorBase.java:542)
	at org.apache.catalina.core.StandardHostValve.invoke(StandardHostValve.java:143)
	at org.apache.catalina.valves.ErrorReportValve.invoke(ErrorReportValve.java:92)
	at org.apache.catalina.valves.AbstractAccessLogValve.invoke(AbstractAccessLogValve.java:690)
	at org.apache.catalina.core.StandardEngineValve.invoke(StandardEngineValve.java:78)
	at org.apache.catalina.connector.CoyoteAdapter.service(CoyoteAdapter.java:343)
	at org.apache.coyote.http11.Http11Processor.service(Http11Processor.java:374)
	at org.apache.coyote.AbstractProcessorLight.process(AbstractProcessorLight.java:65)
	at org.apache.coyote.AbstractProtocol$ConnectionHandler.process(AbstractProtocol.java:868)
	at org.apache.tomcat.util.net.NioEndpoint$SocketProcessor.doRun(NioEndpoint.java:1590)
	at org.apache.tomcat.util.net.SocketProcessorBase.run(SocketProcessorBase.java:49)
	at java.util.concurrent.ThreadPoolExecutor.runWorker(ThreadPoolExecutor.java:1149)
	at java.util.concurrent.ThreadPoolExecutor$Worker.run(ThreadPoolExecutor.java:624)
	at org.apache.tomcat.util.threads.TaskThread$WrappingRunnable.run(TaskThread.java:61)
	at java.lang.Thread.run(Thread.java:750)
Caused by: java.lang.ClassNotFoundException: org.json.simple.parser.ParseException
	at org.apache.catalina.loader.WebappClassLoaderBase.loadClass(WebappClassLoaderBase.java:1365)
	at org.apache.catalina.loader.WebappClassLoaderBase.loadClass(WebappClassLoaderBase.java:1188)
	... 31 more
 | undefined
02/02/2023 10:51:16:324  INFO - Node Entry | session id:sess7032780 | ELibrary:Start | Framework | Start |  |  | 
02/02/2023 10:51:16:842  INFO - Node Entry | session id:sess7032780 | ELibrary:Welcome | Framework | Welcome |  |  | undefined
02/02/2023 10:51:17:019  INFO - Start | session id:sess7032780 | ELibrary:Welcome | wecome start | Welcome Announcement start |  |  | undefined
02/02/2023 10:51:17:019  INFO - In Progress | session id:sess7032780 | ELibrary:Welcome | Welcome | Welcome Announcement Stop |  |  | undefined
02/02/2023 10:51:23:028  INFO - Node Entry | session id:sess7032780 | ELibrary:langMenu | Framework | langMenu |  |  | undefined
02/02/2023 10:51:25:571  INFO - Node Entry | session id:sess7032780 | ELibrary:LanguageAnnounce | Framework | LanguageAnnounce | langMenu___utterance | 1^0.949999988079071^0^0 | undefined
02/02/2023 10:51:28:315  INFO - Node Entry | session id:sess7032780 | ELibrary:userMenu | Framework | userMenu |  |  | undefined
02/02/2023 10:51:32:154  INFO - Node Entry | session id:sess7032780 | ELibrary:oldUserAnnounce | Framework | oldUserAnnounce | userMenu___utterance | 2^0.949999988079071^0^0 | undefined
02/02/2023 10:51:34:655  INFO - Node Entry | session id:sess7032780 | ELibrary:Exist | Framework | Exist |  |  | undefined
02/02/2023 10:51:34:744  INFO - Node Entry | session id:sess7032780 | ELibrary:ExistUser-Begin | Framework | ExistUser-Begin |  |  | undefined
02/02/2023 10:51:34:802  INFO - Node Entry | session id:sess7032780 | ELibrary:ExistUser-userId | Framework | ExistUser-userId |  |  | undefined
02/02/2023 10:51:38:828  INFO - Node Entry | session id:sess7032780 | ELibrary:ExistUser-password | Framework | ExistUser-password | userId___utterance | 100000^0.949999988079071^0^0 | undefined
02/02/2023 10:51:41:578  INFO - Node Entry | session id:sess7032780 | ELibrary:ExistUser-passwordVerify | Framework | ExistUser-passwordVerify | password___utterance | 1111^0.949999988079071^0^0 | undefined
02/02/2023 10:51:42:232 ERROR - In Progress | session id:sess7032780 | ELibrary:ExistUser-passwordVerify |  | java.lang.NoClassDefFoundError: org/json/simple/parser/JSONParser | Exception stack trace | Error processing request
 EXCEPTION> 
java.lang.NoClassDefFoundError: org/json/simple/parser/JSONParser
	at connectivity.ws.operations.IntegrationClass.apiGet(IntegrationClass.java:43)
	at flow.subflow.ExistUser.passwordVerify.requestBegin(passwordVerify.java:110)
	at com.avaya.sce.runtime.AppServlet.processRequest(AppServlet.java:81)
	at com.avaya.sce.runtime.SCEServlet.requestHandler(SCEServlet.java:247)
	at com.avaya.sce.runtime.SCEServlet.doPost(SCEServlet.java:148)
	at javax.servlet.http.HttpServlet.service(HttpServlet.java:652)
	at javax.servlet.http.HttpServlet.service(HttpServlet.java:733)
	at org.apache.catalina.core.ApplicationFilterChain.internalDoFilter(ApplicationFilterChain.java:231)
	at org.apache.catalina.core.ApplicationFilterChain.doFilter(ApplicationFilterChain.java:166)
	at org.apache.tomcat.websocket.server.WsFilter.doFilter(WsFilter.java:53)
	at org.apache.catalina.core.ApplicationFilterChain.internalDoFilter(ApplicationFilterChain.java:193)
	at org.apache.catalina.core.ApplicationFilterChain.doFilter(ApplicationFilterChain.java:166)
	at org.apache.logging.log4j.web.Log4jServletFilter.doFilter(Log4jServletFilter.java:71)
	at org.apache.catalina.core.ApplicationFilterChain.internalDoFilter(ApplicationFilterChain.java:193)
	at org.apache.catalina.core.ApplicationFilterChain.doFilter(ApplicationFilterChain.java:166)
	at org.apache.catalina.core.StandardWrapperValve.invoke(StandardWrapperValve.java:202)
	at org.apache.catalina.core.StandardContextValve.invoke(StandardContextValve.java:97)
	at org.apache.catalina.authenticator.AuthenticatorBase.invoke(AuthenticatorBase.java:542)
	at org.apache.catalina.core.StandardHostValve.invoke(StandardHostValve.java:143)
	at org.apache.catalina.valves.ErrorReportValve.invoke(ErrorReportValve.java:92)
	at org.apache.catalina.valves.AbstractAccessLogValve.invoke(AbstractAccessLogValve.java:690)
	at org.apache.catalina.core.StandardEngineValve.invoke(StandardEngineValve.java:78)
	at org.apache.catalina.connector.CoyoteAdapter.service(CoyoteAdapter.java:343)
	at org.apache.coyote.http11.Http11Processor.service(Http11Processor.java:374)
	at org.apache.coyote.AbstractProcessorLight.process(AbstractProcessorLight.java:65)
	at org.apache.coyote.AbstractProtocol$ConnectionHandler.process(AbstractProtocol.java:868)
	at org.apache.tomcat.util.net.NioEndpoint$SocketProcessor.doRun(NioEndpoint.java:1590)
	at org.apache.tomcat.util.net.SocketProcessorBase.run(SocketProcessorBase.java:49)
	at java.util.concurrent.ThreadPoolExecutor.runWorker(ThreadPoolExecutor.java:1149)
	at java.util.concurrent.ThreadPoolExecutor$Worker.run(ThreadPoolExecutor.java:624)
	at org.apache.tomcat.util.threads.TaskThread$WrappingRunnable.run(TaskThread.java:61)
	at java.lang.Thread.run(Thread.java:750)
Caused by: java.lang.ClassNotFoundException: org.json.simple.parser.JSONParser
	at org.apache.catalina.loader.WebappClassLoaderBase.loadClass(WebappClassLoaderBase.java:1365)
	at org.apache.catalina.loader.WebappClassLoaderBase.loadClass(WebappClassLoaderBase.java:1188)
	... 32 more
 | undefined
02/02/2023 11:00:19:715  INFO - Node Entry | session id:sess6735826 | ELibrary:Start | Framework | Start |  |  | 
02/02/2023 11:00:20:089  INFO - Node Entry | session id:sess6735826 | ELibrary:Welcome | Framework | Welcome |  |  | undefined
02/02/2023 11:00:20:317  INFO - Start | session id:sess6735826 | ELibrary:Welcome | wecome start | Welcome Announcement start |  |  | undefined
02/02/2023 11:00:20:335  INFO - In Progress | session id:sess6735826 | ELibrary:Welcome | Welcome | Welcome Announcement Stop |  |  | undefined
02/02/2023 11:00:26:355  INFO - Node Entry | session id:sess6735826 | ELibrary:langMenu | Framework | langMenu |  |  | undefined
02/02/2023 11:00:28:216  INFO - Node Entry | session id:sess6735826 | ELibrary:LanguageAnnounce | Framework | LanguageAnnounce | langMenu___utterance | 1^0.949999988079071^0^0 | undefined
02/02/2023 11:00:30:997  INFO - Node Entry | session id:sess6735826 | ELibrary:userMenu | Framework | userMenu |  |  | undefined
02/02/2023 11:00:34:814  INFO - Node Entry | session id:sess6735826 | ELibrary:oldUserAnnounce | Framework | oldUserAnnounce | userMenu___utterance | 2^0.949999988079071^0^0 | undefined
02/02/2023 11:00:37:330  INFO - Node Entry | session id:sess6735826 | ELibrary:Exist | Framework | Exist |  |  | undefined
02/02/2023 11:00:37:389  INFO - Node Entry | session id:sess6735826 | ELibrary:ExistUser-Begin | Framework | ExistUser-Begin |  |  | undefined
02/02/2023 11:00:37:453  INFO - Node Entry | session id:sess6735826 | ELibrary:ExistUser-userId | Framework | ExistUser-userId |  |  | undefined
02/02/2023 11:00:41:137  INFO - Node Entry | session id:sess6735826 | ELibrary:ExistUser-password | Framework | ExistUser-password | userId___utterance | 100000^0.949999988079071^0^0 | undefined
02/02/2023 11:00:44:089  INFO - Node Entry | session id:sess6735826 | ELibrary:ExistUser-passwordVerify | Framework | ExistUser-passwordVerify | password___utterance | 1111^0.949999988079071^0^0 | undefined
02/02/2023 11:00:44:955 ERROR - In Progress | session id:sess6735826 | ELibrary:ExistUser-passwordVerify |  | java.lang.NoClassDefFoundError: org/json/simple/parser/JSONParser | Exception stack trace | Error processing request
 EXCEPTION> 
java.lang.NoClassDefFoundError: org/json/simple/parser/JSONParser
	at connectivity.ws.operations.IntegrationClass.apiGet(IntegrationClass.java:43)
	at flow.subflow.ExistUser.passwordVerify.requestBegin(passwordVerify.java:110)
	at com.avaya.sce.runtime.AppServlet.processRequest(AppServlet.java:81)
	at com.avaya.sce.runtime.SCEServlet.requestHandler(SCEServlet.java:247)
	at com.avaya.sce.runtime.SCEServlet.doPost(SCEServlet.java:148)
	at javax.servlet.http.HttpServlet.service(HttpServlet.java:652)
	at javax.servlet.http.HttpServlet.service(HttpServlet.java:733)
	at org.apache.catalina.core.ApplicationFilterChain.internalDoFilter(ApplicationFilterChain.java:231)
	at org.apache.catalina.core.ApplicationFilterChain.doFilter(ApplicationFilterChain.java:166)
	at org.apache.tomcat.websocket.server.WsFilter.doFilter(WsFilter.java:53)
	at org.apache.catalina.core.ApplicationFilterChain.internalDoFilter(ApplicationFilterChain.java:193)
	at org.apache.catalina.core.ApplicationFilterChain.doFilter(ApplicationFilterChain.java:166)
	at org.apache.logging.log4j.web.Log4jServletFilter.doFilter(Log4jServletFilter.java:71)
	at org.apache.catalina.core.ApplicationFilterChain.internalDoFilter(ApplicationFilterChain.java:193)
	at org.apache.catalina.core.ApplicationFilterChain.doFilter(ApplicationFilterChain.java:166)
	at org.apache.catalina.core.StandardWrapperValve.invoke(StandardWrapperValve.java:202)
	at org.apache.catalina.core.StandardContextValve.invoke(StandardContextValve.java:97)
	at org.apache.catalina.authenticator.AuthenticatorBase.invoke(AuthenticatorBase.java:542)
	at org.apache.catalina.core.StandardHostValve.invoke(StandardHostValve.java:143)
	at org.apache.catalina.valves.ErrorReportValve.invoke(ErrorReportValve.java:92)
	at org.apache.catalina.valves.AbstractAccessLogValve.invoke(AbstractAccessLogValve.java:690)
	at org.apache.catalina.core.StandardEngineValve.invoke(StandardEngineValve.java:78)
	at org.apache.catalina.connector.CoyoteAdapter.service(CoyoteAdapter.java:343)
	at org.apache.coyote.http11.Http11Processor.service(Http11Processor.java:374)
	at org.apache.coyote.AbstractProcessorLight.process(AbstractProcessorLight.java:65)
	at org.apache.coyote.AbstractProtocol$ConnectionHandler.process(AbstractProtocol.java:868)
	at org.apache.tomcat.util.net.NioEndpoint$SocketProcessor.doRun(NioEndpoint.java:1590)
	at org.apache.tomcat.util.net.SocketProcessorBase.run(SocketProcessorBase.java:49)
	at java.util.concurrent.ThreadPoolExecutor.runWorker(ThreadPoolExecutor.java:1149)
	at java.util.concurrent.ThreadPoolExecutor$Worker.run(ThreadPoolExecutor.java:624)
	at org.apache.tomcat.util.threads.TaskThread$WrappingRunnable.run(TaskThread.java:61)
	at java.lang.Thread.run(Thread.java:750)
Caused by: java.lang.ClassNotFoundException: org.json.simple.parser.JSONParser
	at org.apache.catalina.loader.WebappClassLoaderBase.loadClass(WebappClassLoaderBase.java:1365)
	at org.apache.catalina.loader.WebappClassLoaderBase.loadClass(WebappClassLoaderBase.java:1188)
	... 32 more
 | undefined
02/02/2023 11:02:28:071  INFO - Node Entry | session id:sess7279732 | ELibrary:Start | Framework | Start |  |  | 
02/02/2023 11:02:28:802  INFO - Node Entry | session id:sess7279732 | ELibrary:Welcome | Framework | Welcome |  |  | undefined
02/02/2023 11:02:28:934  INFO - Start | session id:sess7279732 | ELibrary:Welcome | wecome start | Welcome Announcement start |  |  | undefined
02/02/2023 11:02:28:934  INFO - In Progress | session id:sess7279732 | ELibrary:Welcome | Welcome | Welcome Announcement Stop |  |  | undefined
02/02/2023 11:02:34:811  INFO - Node Entry | session id:sess7279732 | ELibrary:langMenu | Framework | langMenu |  |  | undefined
02/02/2023 11:02:47:288  INFO - Node Entry | session id:sess7279732 | ELibrary:LanguageAnnounce | Framework | LanguageAnnounce | langMenu___utterance | 1^0.949999988079071^0^0 | undefined
02/02/2023 11:02:50:036  INFO - Node Entry | session id:sess7279732 | ELibrary:userMenu | Framework | userMenu |  |  | undefined
02/02/2023 11:03:13:763  INFO - Node Entry | session id:sess7279732 | ELibrary:oldUserAnnounce | Framework | oldUserAnnounce | userMenu___utterance | 2^0.949999988079071^0^0 | undefined
02/02/2023 11:03:16:223  INFO - Node Entry | session id:sess7279732 | ELibrary:Exist | Framework | Exist |  |  | undefined
02/02/2023 11:03:16:332  INFO - Node Entry | session id:sess7279732 | ELibrary:ExistUser-Begin | Framework | ExistUser-Begin |  |  | undefined
02/02/2023 11:03:16:391  INFO - Node Entry | session id:sess7279732 | ELibrary:ExistUser-userId | Framework | ExistUser-userId |  |  | undefined
02/02/2023 11:03:19:518  INFO - Node Entry | session id:sess7279732 | ELibrary:ExistUser-password | Framework | ExistUser-password | userId___utterance | 100000^0.949999988079071^0^0 | undefined
02/02/2023 11:03:22:286  INFO - Node Entry | session id:sess7279732 | ELibrary:ExistUser-passwordVerify | Framework | ExistUser-passwordVerify | password___utterance | 1111^0.949999988079071^0^0 | undefined
02/02/2023 11:03:22:808 ERROR - In Progress | session id:sess7279732 | ELibrary:ExistUser-passwordVerify |  | java.lang.NoClassDefFoundError: org/json/simple/parser/JSONParser | Exception stack trace | Error processing request
 EXCEPTION> 
java.lang.NoClassDefFoundError: org/json/simple/parser/JSONParser
	at connectivity.ws.operations.IntegrationClass.apiGet(IntegrationClass.java:43)
	at flow.subflow.ExistUser.passwordVerify.requestBegin(passwordVerify.java:110)
	at com.avaya.sce.runtime.AppServlet.processRequest(AppServlet.java:81)
	at com.avaya.sce.runtime.SCEServlet.requestHandler(SCEServlet.java:247)
	at com.avaya.sce.runtime.SCEServlet.doPost(SCEServlet.java:148)
	at javax.servlet.http.HttpServlet.service(HttpServlet.java:652)
	at javax.servlet.http.HttpServlet.service(HttpServlet.java:733)
	at org.apache.catalina.core.ApplicationFilterChain.internalDoFilter(ApplicationFilterChain.java:231)
	at org.apache.catalina.core.ApplicationFilterChain.doFilter(ApplicationFilterChain.java:166)
	at org.apache.tomcat.websocket.server.WsFilter.doFilter(WsFilter.java:53)
	at org.apache.catalina.core.ApplicationFilterChain.internalDoFilter(ApplicationFilterChain.java:193)
	at org.apache.catalina.core.ApplicationFilterChain.doFilter(ApplicationFilterChain.java:166)
	at org.apache.logging.log4j.web.Log4jServletFilter.doFilter(Log4jServletFilter.java:71)
	at org.apache.catalina.core.ApplicationFilterChain.internalDoFilter(ApplicationFilterChain.java:193)
	at org.apache.catalina.core.ApplicationFilterChain.doFilter(ApplicationFilterChain.java:166)
	at org.apache.catalina.core.StandardWrapperValve.invoke(StandardWrapperValve.java:202)
	at org.apache.catalina.core.StandardContextValve.invoke(StandardContextValve.java:97)
	at org.apache.catalina.authenticator.AuthenticatorBase.invoke(AuthenticatorBase.java:542)
	at org.apache.catalina.core.StandardHostValve.invoke(StandardHostValve.java:143)
	at org.apache.catalina.valves.ErrorReportValve.invoke(ErrorReportValve.java:92)
	at org.apache.catalina.valves.AbstractAccessLogValve.invoke(AbstractAccessLogValve.java:690)
	at org.apache.catalina.core.StandardEngineValve.invoke(StandardEngineValve.java:78)
	at org.apache.catalina.connector.CoyoteAdapter.service(CoyoteAdapter.java:343)
	at org.apache.coyote.http11.Http11Processor.service(Http11Processor.java:374)
	at org.apache.coyote.AbstractProcessorLight.process(AbstractProcessorLight.java:65)
	at org.apache.coyote.AbstractProtocol$ConnectionHandler.process(AbstractProtocol.java:868)
	at org.apache.tomcat.util.net.NioEndpoint$SocketProcessor.doRun(NioEndpoint.java:1590)
	at org.apache.tomcat.util.net.SocketProcessorBase.run(SocketProcessorBase.java:49)
	at java.util.concurrent.ThreadPoolExecutor.runWorker(ThreadPoolExecutor.java:1149)
	at java.util.concurrent.ThreadPoolExecutor$Worker.run(ThreadPoolExecutor.java:624)
	at org.apache.tomcat.util.threads.TaskThread$WrappingRunnable.run(TaskThread.java:61)
	at java.lang.Thread.run(Thread.java:750)
Caused by: java.lang.ClassNotFoundException: org.json.simple.parser.JSONParser
	at org.apache.catalina.loader.WebappClassLoaderBase.loadClass(WebappClassLoaderBase.java:1365)
	at org.apache.catalina.loader.WebappClassLoaderBase.loadClass(WebappClassLoaderBase.java:1188)
	... 32 more
 | undefined
02/02/2023 11:08:16:831  INFO - Node Entry | session id:sess9843148 | ELibrary:Start | Framework | Start |  |  | 
02/02/2023 11:08:17:214  INFO - Node Entry | session id:sess9843148 | ELibrary:Welcome | Framework | Welcome |  |  | undefined
02/02/2023 11:08:17:450  INFO - Start | session id:sess9843148 | ELibrary:Welcome | wecome start | Welcome Announcement start |  |  | undefined
02/02/2023 11:08:17:450  INFO - In Progress | session id:sess9843148 | ELibrary:Welcome | Welcome | Welcome Announcement Stop |  |  | undefined
02/02/2023 11:08:23:459  INFO - Node Entry | session id:sess9843148 | ELibrary:langMenu | Framework | langMenu |  |  | undefined
02/02/2023 11:08:47:290  INFO - Node Entry | session id:sess9843148 | ELibrary:LanguageAnnounce | Framework | LanguageAnnounce | langMenu___utterance | 1^0.949999988079071^0^0 | undefined
02/02/2023 11:08:50:080  INFO - Node Entry | session id:sess9843148 | ELibrary:userMenu | Framework | userMenu |  |  | undefined
02/02/2023 11:08:51:860  INFO - Node Entry | session id:sess9843148 | ELibrary:oldUserAnnounce | Framework | oldUserAnnounce | userMenu___utterance | 2^0.949999988079071^0^0 | undefined
02/02/2023 11:08:54:361  INFO - Node Entry | session id:sess9843148 | ELibrary:Exist | Framework | Exist |  |  | undefined
02/02/2023 11:08:54:439  INFO - Node Entry | session id:sess9843148 | ELibrary:ExistUser-Begin | Framework | ExistUser-Begin |  |  | undefined
02/02/2023 11:08:54:502  INFO - Node Entry | session id:sess9843148 | ELibrary:ExistUser-userId | Framework | ExistUser-userId |  |  | undefined
02/02/2023 11:09:00:107  INFO - Node Entry | session id:sess9843148 | ELibrary:ExistUser-password | Framework | ExistUser-password | userId___utterance | 100000^0.949999988079071^0^0 | undefined
02/02/2023 11:09:03:060  INFO - Node Entry | session id:sess9843148 | ELibrary:ExistUser-passwordVerify | Framework | ExistUser-passwordVerify | password___utterance | 1111^0.949999988079071^0^0 | undefined
02/02/2023 11:09:03:946 ERROR - In Progress | session id:sess9843148 | ELibrary:ExistUser-passwordVerify |  | java.lang.NoClassDefFoundError: org/json/simple/parser/JSONParser | Exception stack trace | Error processing request
 EXCEPTION> 
java.lang.NoClassDefFoundError: org/json/simple/parser/JSONParser
	at connectivity.ws.operations.IntegrationClass.apiGet(IntegrationClass.java:44)
	at flow.subflow.ExistUser.passwordVerify.requestBegin(passwordVerify.java:110)
	at com.avaya.sce.runtime.AppServlet.processRequest(AppServlet.java:81)
	at com.avaya.sce.runtime.SCEServlet.requestHandler(SCEServlet.java:247)
	at com.avaya.sce.runtime.SCEServlet.doPost(SCEServlet.java:148)
	at javax.servlet.http.HttpServlet.service(HttpServlet.java:652)
	at javax.servlet.http.HttpServlet.service(HttpServlet.java:733)
	at org.apache.catalina.core.ApplicationFilterChain.internalDoFilter(ApplicationFilterChain.java:231)
	at org.apache.catalina.core.ApplicationFilterChain.doFilter(ApplicationFilterChain.java:166)
	at org.apache.tomcat.websocket.server.WsFilter.doFilter(WsFilter.java:53)
	at org.apache.catalina.core.ApplicationFilterChain.internalDoFilter(ApplicationFilterChain.java:193)
	at org.apache.catalina.core.ApplicationFilterChain.doFilter(ApplicationFilterChain.java:166)
	at org.apache.logging.log4j.web.Log4jServletFilter.doFilter(Log4jServletFilter.java:71)
	at org.apache.catalina.core.ApplicationFilterChain.internalDoFilter(ApplicationFilterChain.java:193)
	at org.apache.catalina.core.ApplicationFilterChain.doFilter(ApplicationFilterChain.java:166)
	at org.apache.catalina.core.StandardWrapperValve.invoke(StandardWrapperValve.java:202)
	at org.apache.catalina.core.StandardContextValve.invoke(StandardContextValve.java:97)
	at org.apache.catalina.authenticator.AuthenticatorBase.invoke(AuthenticatorBase.java:542)
	at org.apache.catalina.core.StandardHostValve.invoke(StandardHostValve.java:143)
	at org.apache.catalina.valves.ErrorReportValve.invoke(ErrorReportValve.java:92)
	at org.apache.catalina.valves.AbstractAccessLogValve.invoke(AbstractAccessLogValve.java:690)
	at org.apache.catalina.core.StandardEngineValve.invoke(StandardEngineValve.java:78)
	at org.apache.catalina.connector.CoyoteAdapter.service(CoyoteAdapter.java:343)
	at org.apache.coyote.http11.Http11Processor.service(Http11Processor.java:374)
	at org.apache.coyote.AbstractProcessorLight.process(AbstractProcessorLight.java:65)
	at org.apache.coyote.AbstractProtocol$ConnectionHandler.process(AbstractProtocol.java:868)
	at org.apache.tomcat.util.net.NioEndpoint$SocketProcessor.doRun(NioEndpoint.java:1590)
	at org.apache.tomcat.util.net.SocketProcessorBase.run(SocketProcessorBase.java:49)
	at java.util.concurrent.ThreadPoolExecutor.runWorker(ThreadPoolExecutor.java:1149)
	at java.util.concurrent.ThreadPoolExecutor$Worker.run(ThreadPoolExecutor.java:624)
	at org.apache.tomcat.util.threads.TaskThread$WrappingRunnable.run(TaskThread.java:61)
	at java.lang.Thread.run(Thread.java:750)
Caused by: java.lang.ClassNotFoundException: org.json.simple.parser.JSONParser
	at org.apache.catalina.loader.WebappClassLoaderBase.loadClass(WebappClassLoaderBase.java:1365)
	at org.apache.catalina.loader.WebappClassLoaderBase.loadClass(WebappClassLoaderBase.java:1188)
	... 32 more
 | undefined
02/02/2023 11:13:14:809  INFO - Node Entry | session id:sess5478724 | ELibrary:Start | Framework | Start |  |  | 
02/02/2023 11:13:15:158  INFO - Node Entry | session id:sess5478724 | ELibrary:Welcome | Framework | Welcome |  |  | undefined
02/02/2023 11:13:15:367  INFO - Start | session id:sess5478724 | ELibrary:Welcome | wecome start | Welcome Announcement start |  |  | undefined
02/02/2023 11:13:15:367  INFO - In Progress | session id:sess5478724 | ELibrary:Welcome | Welcome | Welcome Announcement Stop |  |  | undefined
02/02/2023 11:13:21:654  INFO - Node Entry | session id:sess5478724 | ELibrary:langMenu | Framework | langMenu |  |  | undefined
02/02/2023 11:13:27:831  INFO - Node Entry | session id:sess5478724 | ELibrary:LanguageAnnounce | Framework | LanguageAnnounce | langMenu___utterance | 1^0.949999988079071^0^0 | undefined
02/02/2023 11:13:30:654  INFO - Node Entry | session id:sess5478724 | ELibrary:userMenu | Framework | userMenu |  |  | undefined
02/02/2023 11:13:32:459  INFO - Node Entry | session id:sess5478724 | ELibrary:oldUserAnnounce | Framework | oldUserAnnounce | userMenu___utterance | 2^0.949999988079071^0^0 | undefined
02/02/2023 11:13:35:009  INFO - Node Entry | session id:sess5478724 | ELibrary:Exist | Framework | Exist |  |  | undefined
02/02/2023 11:13:35:070  INFO - Node Entry | session id:sess5478724 | ELibrary:ExistUser-Begin | Framework | ExistUser-Begin |  |  | undefined
02/02/2023 11:13:35:131  INFO - Node Entry | session id:sess5478724 | ELibrary:ExistUser-userId | Framework | ExistUser-userId |  |  | undefined
02/02/2023 11:13:41:963  INFO - Node Entry | session id:sess5478724 | ELibrary:ExistUser-password | Framework | ExistUser-password | userId___utterance | 100000^0.949999988079071^0^0 | undefined
02/02/2023 11:13:56:548  INFO - Node Entry | session id:sess5478724 | ELibrary:ExistUser-passwordVerify | Framework | ExistUser-passwordVerify | password___utterance | 1111^0.949999988079071^0^0 | undefined
02/02/2023 11:14:06:193  INFO - Node Entry | session id:sess5478724 | ELibrary:ExistUser-passCheck | Framework | ExistUser-passCheck |  |  | undefined
02/02/2023 11:14:06:395  INFO - Node Entry | session id:sess5478724 | ELibrary:ExistUser-passwordEventAnnounce | Framework | ExistUser-passwordEventAnnounce |  |  | undefined
02/02/2023 11:14:09:212  INFO - Node Entry | session id:sess5478724 | ELibrary:ExistUser-userId | Framework | ExistUser-userId |  |  | undefined
02/02/2023 11:14:27:782  INFO - Node Entry | session id:sess5478724 | ELibrary:hangupData | Framework | hangupData |  |  | undefined
02/02/2023 11:14:27:844  INFO - Node Entry | session id:sess5478724 | ELibrary:ivrInfoData | Framework | ivrInfoData |  |  | undefined
02/02/2023 11:14:28:093  INFO - Node Entry | session id:sess5478724 | ELibrary:Exit | Framework | Exit |  |  | undefined
02/02/2023 11:14:28:095  INFO - End | session id:sess5478724 | ELibrary:Exit | CallEnd | Call End here |  |  | undefined
02/02/2023 11:14:28:095  INFO - Application Exit | session id:sess5478724 | ELibrary:Exit | Framework | Application Exiting |  |  | undefined
02/02/2023 11:16:45:680  INFO - Node Entry | session id:sess8036895 | ELibrary:Start | Framework | Start |  |  | 
02/02/2023 11:16:46:213  INFO - Node Entry | session id:sess8036895 | ELibrary:Welcome | Framework | Welcome |  |  | undefined
02/02/2023 11:16:46:297  INFO - Start | session id:sess8036895 | ELibrary:Welcome | wecome start | Welcome Announcement start |  |  | undefined
02/02/2023 11:16:46:297  INFO - In Progress | session id:sess8036895 | ELibrary:Welcome | Welcome | Welcome Announcement Stop |  |  | undefined
02/02/2023 11:16:52:703  INFO - Node Entry | session id:sess8036895 | ELibrary:langMenu | Framework | langMenu |  |  | undefined
02/02/2023 11:16:54:902  INFO - Node Entry | session id:sess8036895 | ELibrary:LanguageAnnounce | Framework | LanguageAnnounce | langMenu___utterance | 2^0.949999988079071^0^0 | undefined
02/02/2023 11:16:57:200  INFO - Node Entry | session id:sess8036895 | ELibrary:userMenu | Framework | userMenu |  |  | undefined
02/02/2023 11:17:03:032  INFO - Node Entry | session id:sess8036895 | ELibrary:oldUserAnnounce | Framework | oldUserAnnounce | userMenu___utterance | 2^0.949999988079071^0^0 | undefined
02/02/2023 11:17:05:524  INFO - Node Entry | session id:sess8036895 | ELibrary:Exist | Framework | Exist |  |  | undefined
02/02/2023 11:17:05:588  INFO - Node Entry | session id:sess8036895 | ELibrary:ExistUser-Begin | Framework | ExistUser-Begin |  |  | undefined
02/02/2023 11:17:05:652  INFO - Node Entry | session id:sess8036895 | ELibrary:ExistUser-userId | Framework | ExistUser-userId |  |  | undefined
02/02/2023 11:17:09:940  INFO - Node Entry | session id:sess8036895 | ELibrary:ExistUser-password | Framework | ExistUser-password | userId___utterance | 100000^0.949999988079071^0^0 | undefined
02/02/2023 11:17:12:935  INFO - Node Entry | session id:sess8036895 | ELibrary:ExistUser-passwordVerify | Framework | ExistUser-passwordVerify | password___utterance | 1234^0.949999988079071^0^0 | undefined
02/02/2023 11:17:21:577  INFO - Node Entry | session id:sess8036895 | ELibrary:ExistUser-passCheck | Framework | ExistUser-passCheck |  |  | undefined
02/02/2023 11:17:21:638  INFO - Node Entry | session id:sess8036895 | ELibrary:ExistUser-passwordEventAnnounce | Framework | ExistUser-passwordEventAnnounce |  |  | undefined
02/02/2023 11:17:24:140  INFO - Node Entry | session id:sess8036895 | ELibrary:ExistUser-userId | Framework | ExistUser-userId |  |  | undefined
02/02/2023 11:17:29:297  INFO - Node Entry | session id:sess8036895 | ELibrary:ExistUser-password | Framework | ExistUser-password | userId___utterance | 100000^0.949999988079071^0^0 | undefined
02/02/2023 11:17:32:137  INFO - Node Entry | session id:sess8036895 | ELibrary:ExistUser-passwordVerify | Framework | ExistUser-passwordVerify | password___utterance | 1111^0.949999988079071^0^0 | undefined
02/02/2023 11:17:32:460  INFO - Node Entry | session id:sess8036895 | ELibrary:ExistUser-passCheck | Framework | ExistUser-passCheck |  |  | undefined
02/02/2023 11:17:32:523  INFO - Node Entry | session id:sess8036895 | ELibrary:ExistUser-CartFlow | Framework | ExistUser-CartFlow |  |  | undefined
02/02/2023 11:17:32:585  INFO - Node Entry | session id:sess8036895 | ELibrary:CartMenuFlow-Begin | Framework | CartMenuFlow-Begin |  |  | undefined
02/02/2023 11:17:32:647  INFO - Node Entry | session id:sess8036895 | ELibrary:CartMenuFlow-CartMenu | Framework | CartMenuFlow-CartMenu |  |  | undefined
02/02/2023 11:17:34:709  INFO - Node Entry | session id:sess8036895 | ELibrary:hangupData | Framework | hangupData |  |  | undefined
02/02/2023 11:17:34:774  INFO - Node Entry | session id:sess8036895 | ELibrary:ivrInfoData | Framework | ivrInfoData |  |  | undefined
02/02/2023 11:17:34:836  INFO - Node Entry | session id:sess8036895 | ELibrary:Exit | Framework | Exit |  |  | undefined
02/02/2023 11:17:34:838  INFO - End | session id:sess8036895 | ELibrary:Exit | CallEnd | Call End here |  |  | undefined
02/02/2023 11:17:34:838  INFO - Application Exit | session id:sess8036895 | ELibrary:Exit | Framework | Application Exiting |  |  | undefined
02/02/2023 12:05:41:261  INFO - Node Entry | session id:sess9968157 | ELibrary:Start | Framework | Start |  |  | 
02/02/2023 12:05:41:585  INFO - Node Entry | session id:sess9968157 | ELibrary:Welcome | Framework | Welcome |  |  | undefined
02/02/2023 12:05:41:864  INFO - Start | session id:sess9968157 | ELibrary:Welcome | wecome start | Welcome Announcement start |  |  | undefined
02/02/2023 12:05:41:865  INFO - In Progress | session id:sess9968157 | ELibrary:Welcome | Welcome | Welcome Announcement Stop |  |  | undefined
02/02/2023 12:05:47:761  INFO - Node Entry | session id:sess9968157 | ELibrary:langMenu | Framework | langMenu |  |  | undefined
02/02/2023 12:05:59:382  INFO - Node Entry | session id:sess9968157 | ELibrary:LanguageAnnounce | Framework | LanguageAnnounce | langMenu___utterance | 2^0.949999988079071^0^0 | undefined
02/02/2023 12:06:01:702  INFO - Node Entry | session id:sess9968157 | ELibrary:userMenu | Framework | userMenu |  |  | undefined
02/02/2023 12:06:03:496  INFO - Node Entry | session id:sess9968157 | ELibrary:oldUserAnnounce | Framework | oldUserAnnounce | userMenu___utterance | 2^0.949999988079071^0^0 | undefined
02/02/2023 12:06:06:006  INFO - Node Entry | session id:sess9968157 | ELibrary:Exist | Framework | Exist |  |  | undefined
02/02/2023 12:06:06:083  INFO - Node Entry | session id:sess9968157 | ELibrary:ExistUser-Begin | Framework | ExistUser-Begin |  |  | undefined
02/02/2023 12:06:06:143  INFO - Node Entry | session id:sess9968157 | ELibrary:ExistUser-userId | Framework | ExistUser-userId |  |  | undefined
02/02/2023 12:06:24:458  INFO - Node Entry | session id:sess9968157 | ELibrary:ExistUser-password | Framework | ExistUser-password | userId___utterance | 100000^0.949999988079071^0^1 | undefined
02/02/2023 12:06:40:552  INFO - Node Entry | session id:sess9968157 | ELibrary:ExistUser-passwordVerify | Framework | ExistUser-passwordVerify | password___utterance | 1111^0.949999988079071^0^1 | undefined
02/02/2023 12:06:41:285  INFO - Node Entry | session id:sess9968157 | ELibrary:ExistUser-passCheck | Framework | ExistUser-passCheck |  |  | undefined
02/02/2023 12:06:41:390  INFO - Node Entry | session id:sess9968157 | ELibrary:ExistUser-passwordEventAnnounce | Framework | ExistUser-passwordEventAnnounce |  |  | undefined
02/02/2023 12:06:44:122  INFO - Node Entry | session id:sess9968157 | ELibrary:ExistUser-userId | Framework | ExistUser-userId |  |  | undefined
02/02/2023 12:06:47:864  INFO - Node Entry | session id:sess9968157 | ELibrary:ExistUser-password | Framework | ExistUser-password | userId___utterance | 100000^0.949999988079071^0^0 | undefined
02/02/2023 12:06:51:178  INFO - Node Entry | session id:sess9968157 | ELibrary:ExistUser-passwordVerify | Framework | ExistUser-passwordVerify | password___utterance | 1111^0.949999988079071^0^0 | undefined
02/02/2023 12:06:51:285  INFO - Node Entry | session id:sess9968157 | ELibrary:ExistUser-passCheck | Framework | ExistUser-passCheck |  |  | undefined
02/02/2023 12:06:51:347  INFO - Node Entry | session id:sess9968157 | ELibrary:ExistUser-passwordEventAnnounce | Framework | ExistUser-passwordEventAnnounce |  |  | undefined
02/02/2023 12:06:53:855  INFO - Node Entry | session id:sess9968157 | ELibrary:ExistUser-userId | Framework | ExistUser-userId |  |  | undefined
02/02/2023 12:07:04:534  INFO - Node Entry | session id:sess9968157 | ELibrary:ExistUser-password | Framework | ExistUser-password | userId___utterance | 100000^0.949999988079071^0^1 | undefined
02/02/2023 12:07:08:203  INFO - Node Entry | session id:sess9968157 | ELibrary:ExistUser-passwordVerify | Framework | ExistUser-passwordVerify | password___utterance | 1111^0.949999988079071^0^0 | undefined
02/02/2023 12:07:08:305  INFO - Node Entry | session id:sess9968157 | ELibrary:ExistUser-passCheck | Framework | ExistUser-passCheck |  |  | undefined
02/02/2023 12:07:08:366  INFO - Node Entry | session id:sess9968157 | ELibrary:ExistUser-FinalAttemptPassword | Framework | ExistUser-FinalAttemptPassword |  |  | undefined
02/02/2023 12:07:08:504  INFO - Node Entry | session id:sess9968157 | ELibrary:ExistUser-ReturnToEvent | Framework | ExistUser-ReturnToEvent |  |  | undefined
02/02/2023 12:07:08:566  INFO - Node Entry | session id:sess9968157 | ELibrary:CallDisconnect | Framework | CallDisconnect |  |  | undefined
02/02/2023 12:07:16:168  INFO - Node Entry | session id:sess9968157 | ELibrary:ivrInfoData | Framework | ivrInfoData |  | ^^0^0 | undefined
02/02/2023 12:07:16:294  INFO - Node Entry | session id:sess9968157 | ELibrary:Exit | Framework | Exit |  |  | undefined
02/02/2023 12:07:16:296  INFO - End | session id:sess9968157 | ELibrary:Exit | CallEnd | Call End here |  |  | undefined
02/02/2023 12:07:16:296  INFO - Application Exit | session id:sess9968157 | ELibrary:Exit | Framework | Application Exiting |  |  | undefined
02/02/2023 12:10:14:121  INFO - Node Entry | session id:sess7859633 | ELibrary:Start | Framework | Start |  |  | 
02/02/2023 12:10:14:525  INFO - Node Entry | session id:sess7859633 | ELibrary:Welcome | Framework | Welcome |  |  | undefined
02/02/2023 12:10:14:620  INFO - Start | session id:sess7859633 | ELibrary:Welcome | wecome start | Welcome Announcement start |  |  | undefined
02/02/2023 12:10:14:621  INFO - In Progress | session id:sess7859633 | ELibrary:Welcome | Welcome | Welcome Announcement Stop |  |  | undefined
02/02/2023 12:10:20:378  INFO - Node Entry | session id:sess7859633 | ELibrary:langMenu | Framework | langMenu |  |  | undefined
02/02/2023 12:10:27:301  INFO - Node Entry | session id:sess7859633 | ELibrary:LanguageAnnounce | Framework | LanguageAnnounce | langMenu___utterance | 2^0.949999988079071^0^0 | undefined
02/02/2023 12:10:29:562  INFO - Node Entry | session id:sess7859633 | ELibrary:userMenu | Framework | userMenu |  |  | undefined
02/02/2023 12:10:33:319  INFO - Node Entry | session id:sess7859633 | ELibrary:oldUserAnnounce | Framework | oldUserAnnounce | userMenu___utterance | 2^0.949999988079071^0^0 | undefined
02/02/2023 12:10:35:840  INFO - Node Entry | session id:sess7859633 | ELibrary:Exist | Framework | Exist |  |  | undefined
02/02/2023 12:10:35:902  INFO - Node Entry | session id:sess7859633 | ELibrary:ExistUser-Begin | Framework | ExistUser-Begin |  |  | undefined
02/02/2023 12:10:35:965  INFO - Node Entry | session id:sess7859633 | ELibrary:ExistUser-userId | Framework | ExistUser-userId |  |  | undefined
02/02/2023 12:10:39:567  INFO - Node Entry | session id:sess7859633 | ELibrary:ExistUser-password | Framework | ExistUser-password | userId___utterance | 100000^0.949999988079071^0^0 | undefined
02/02/2023 12:10:42:647  INFO - Node Entry | session id:sess7859633 | ELibrary:ExistUser-passwordVerify | Framework | ExistUser-passwordVerify | password___utterance | 1111^0.949999988079071^0^0 | undefined
02/02/2023 12:10:43:130  INFO - Node Entry | session id:sess7859633 | ELibrary:ExistUser-passCheck | Framework | ExistUser-passCheck |  |  | undefined
02/02/2023 12:10:43:193  INFO - Node Entry | session id:sess7859633 | ELibrary:ExistUser-passwordEventAnnounce | Framework | ExistUser-passwordEventAnnounce |  |  | undefined
02/02/2023 12:10:45:743  INFO - Node Entry | session id:sess7859633 | ELibrary:ExistUser-userId | Framework | ExistUser-userId |  |  | undefined
02/02/2023 12:18:16:984  INFO - Node Entry | session id:sess1368328 | ELibrary:Start | Framework | Start |  |  | 
02/02/2023 12:18:17:260  INFO - Node Entry | session id:sess1368328 | ELibrary:Welcome | Framework | Welcome |  |  | undefined
02/02/2023 12:18:17:357  INFO - Start | session id:sess1368328 | ELibrary:Welcome | wecome start | Welcome Announcement start |  |  | undefined
02/02/2023 12:18:17:357  INFO - In Progress | session id:sess1368328 | ELibrary:Welcome | Welcome | Welcome Announcement Stop |  |  | undefined
02/02/2023 12:18:23:226  INFO - Node Entry | session id:sess1368328 | ELibrary:langMenu | Framework | langMenu |  |  | undefined
02/02/2023 12:18:39:640  INFO - Node Entry | session id:sess1368328 | ELibrary:LanguageAnnounce | Framework | LanguageAnnounce | langMenu___utterance | 2^0.949999988079071^0^0 | undefined
02/02/2023 12:18:41:924  INFO - Node Entry | session id:sess1368328 | ELibrary:userMenu | Framework | userMenu |  |  | undefined
02/02/2023 12:18:47:806  INFO - Node Entry | session id:sess1368328 | ELibrary:oldUserAnnounce | Framework | oldUserAnnounce | userMenu___utterance | 2^0.949999988079071^0^0 | undefined
02/02/2023 12:18:50:353  INFO - Node Entry | session id:sess1368328 | ELibrary:Exist | Framework | Exist |  |  | undefined
02/02/2023 12:18:50:414  INFO - Node Entry | session id:sess1368328 | ELibrary:ExistUser-Begin | Framework | ExistUser-Begin |  |  | undefined
02/02/2023 12:18:50:478  INFO - Node Entry | session id:sess1368328 | ELibrary:ExistUser-userId | Framework | ExistUser-userId |  |  | undefined
02/02/2023 12:18:57:523  INFO - Node Entry | session id:sess1368328 | ELibrary:ExistUser-password | Framework | ExistUser-password | userId___utterance | 100000^0.949999988079071^0^0 | undefined
02/02/2023 12:19:00:567  INFO - Node Entry | session id:sess1368328 | ELibrary:ExistUser-passwordVerify | Framework | ExistUser-passwordVerify | password___utterance | 1111^0.949999988079071^0^0 | undefined
02/02/2023 12:19:01:096  INFO - Node Entry | session id:sess1368328 | ELibrary:ExistUser-passCheck | Framework | ExistUser-passCheck |  |  | undefined
02/02/2023 12:19:01:159  INFO - Node Entry | session id:sess1368328 | ELibrary:ExistUser-CartFlow | Framework | ExistUser-CartFlow |  |  | undefined
02/02/2023 12:19:01:222  INFO - Node Entry | session id:sess1368328 | ELibrary:CartMenuFlow-Begin | Framework | CartMenuFlow-Begin |  |  | undefined
02/02/2023 12:19:01:288  INFO - Node Entry | session id:sess1368328 | ELibrary:CartMenuFlow-CartMenu | Framework | CartMenuFlow-CartMenu |  |  | undefined
02/02/2023 12:38:34:673  INFO - Node Entry | session id:sess1332624 | ELibrary:Start | Framework | Start |  |  | 
02/02/2023 12:38:35:298  INFO - Node Entry | session id:sess1332624 | ELibrary:Welcome | Framework | Welcome |  |  | undefined
02/02/2023 12:38:35:517  INFO - Start | session id:sess1332624 | ELibrary:Welcome | wecome start | Welcome Announcement start |  |  | undefined
02/02/2023 12:38:35:518  INFO - In Progress | session id:sess1332624 | ELibrary:Welcome | Welcome | Welcome Announcement Stop |  |  | undefined
02/02/2023 12:38:42:180  INFO - Node Entry | session id:sess1332624 | ELibrary:langMenu | Framework | langMenu |  |  | undefined
02/02/2023 12:38:49:242  INFO - Node Entry | session id:sess1332624 | ELibrary:LanguageAnnounce | Framework | LanguageAnnounce | langMenu___utterance | 2^0.949999988079071^0^0 | undefined
02/02/2023 12:38:51:547  INFO - Node Entry | session id:sess1332624 | ELibrary:userMenu | Framework | userMenu |  |  | undefined
02/02/2023 12:38:53:312  INFO - Node Entry | session id:sess1332624 | ELibrary:oldUserAnnounce | Framework | oldUserAnnounce | userMenu___utterance | 2^0.949999988079071^0^0 | undefined
02/02/2023 12:38:55:794  INFO - Node Entry | session id:sess1332624 | ELibrary:Exist | Framework | Exist |  |  | undefined
02/02/2023 12:38:55:886  INFO - Node Entry | session id:sess1332624 | ELibrary:ExistUser-Begin | Framework | ExistUser-Begin |  |  | undefined
02/02/2023 12:38:55:950  INFO - Node Entry | session id:sess1332624 | ELibrary:ExistUser-userId | Framework | ExistUser-userId |  |  | undefined
02/02/2023 12:38:59:945  INFO - Node Entry | session id:sess1332624 | ELibrary:ExistUser-password | Framework | ExistUser-password | userId___utterance | 100000^0.949999988079071^0^0 | undefined
02/02/2023 12:39:02:740  INFO - Node Entry | session id:sess1332624 | ELibrary:ExistUser-passwordVerify | Framework | ExistUser-passwordVerify | password___utterance | 1111^0.949999988079071^0^0 | undefined
02/02/2023 12:39:03:366  INFO - Node Entry | session id:sess1332624 | ELibrary:ExistUser-passCheck | Framework | ExistUser-passCheck |  |  | undefined
02/02/2023 12:39:03:473  INFO - Node Entry | session id:sess1332624 | ELibrary:ExistUser-passwordEventAnnounce | Framework | ExistUser-passwordEventAnnounce |  |  | undefined
02/02/2023 12:39:06:059  INFO - Node Entry | session id:sess1332624 | ELibrary:ExistUser-userId | Framework | ExistUser-userId |  |  | undefined
02/02/2023 12:39:29:260  INFO - Node Entry | session id:sess1332624 | ELibrary:hangupData | Framework | hangupData |  |  | undefined
02/02/2023 12:39:29:323  INFO - Node Entry | session id:sess1332624 | ELibrary:ivrInfoData | Framework | ivrInfoData |  |  | undefined
02/02/2023 12:39:29:416  INFO - Node Entry | session id:sess1332624 | ELibrary:Exit | Framework | Exit |  |  | undefined
02/02/2023 12:39:29:419  INFO - End | session id:sess1332624 | ELibrary:Exit | CallEnd | Call End here |  |  | undefined
02/02/2023 12:39:29:419  INFO - Application Exit | session id:sess1332624 | ELibrary:Exit | Framework | Application Exiting |  |  | undefined
02/02/2023 12:40:53:542  INFO - Node Entry | session id:sess275231 | ELibrary:Start | Framework | Start |  |  | 
02/02/2023 12:40:53:803  INFO - Node Entry | session id:sess275231 | ELibrary:Welcome | Framework | Welcome |  |  | undefined
02/02/2023 12:40:53:996  INFO - Start | session id:sess275231 | ELibrary:Welcome | wecome start | Welcome Announcement start |  |  | undefined
02/02/2023 12:40:53:996  INFO - In Progress | session id:sess275231 | ELibrary:Welcome | Welcome | Welcome Announcement Stop |  |  | undefined
02/02/2023 12:40:59:780  INFO - Node Entry | session id:sess275231 | ELibrary:langMenu | Framework | langMenu |  |  | undefined
02/02/2023 12:41:04:598  INFO - Node Entry | session id:sess275231 | ELibrary:LanguageAnnounce | Framework | LanguageAnnounce | langMenu___utterance | 1^0.949999988079071^0^0 | undefined
02/02/2023 12:41:07:334  INFO - Node Entry | session id:sess275231 | ELibrary:userMenu | Framework | userMenu |  |  | undefined
02/02/2023 12:41:09:026  INFO - Node Entry | session id:sess275231 | ELibrary:oldUserAnnounce | Framework | oldUserAnnounce | userMenu___utterance | 2^0.949999988079071^0^0 | undefined
02/02/2023 12:41:11:505  INFO - Node Entry | session id:sess275231 | ELibrary:Exist | Framework | Exist |  |  | undefined
02/02/2023 12:41:11:566  INFO - Node Entry | session id:sess275231 | ELibrary:ExistUser-Begin | Framework | ExistUser-Begin |  |  | undefined
02/02/2023 12:41:11:628  INFO - Node Entry | session id:sess275231 | ELibrary:ExistUser-userId | Framework | ExistUser-userId |  |  | undefined
02/02/2023 12:41:15:123  INFO - Node Entry | session id:sess275231 | ELibrary:ExistUser-password | Framework | ExistUser-password | userId___utterance | 100000^0.949999988079071^0^0 | undefined
02/02/2023 12:41:17:367  INFO - Node Entry | session id:sess275231 | ELibrary:ExistUser-passwordVerify | Framework | ExistUser-passwordVerify | password___utterance | 1111^0.949999988079071^0^0 | undefined
02/02/2023 12:41:17:876  INFO - Node Entry | session id:sess275231 | ELibrary:ExistUser-passCheck | Framework | ExistUser-passCheck |  |  | undefined
02/02/2023 12:41:17:939  INFO - Node Entry | session id:sess275231 | ELibrary:ExistUser-CartFlow | Framework | ExistUser-CartFlow |  |  | undefined
02/02/2023 12:41:18:019  INFO - Node Entry | session id:sess275231 | ELibrary:CartMenuFlow-Begin | Framework | CartMenuFlow-Begin |  |  | undefined
02/02/2023 12:41:18:081  INFO - Node Entry | session id:sess275231 | ELibrary:CartMenuFlow-CartMenu | Framework | CartMenuFlow-CartMenu |  |  | undefined
02/02/2023 17:37:06:978  INFO - Node Entry | session id:sess4834627 | ELibrary:Start | Framework | Start |  |  | 
02/02/2023 17:37:07:422  INFO - Node Entry | session id:sess4834627 | ELibrary:Welcome | Framework | Welcome |  |  | undefined
02/02/2023 17:37:07:557  INFO - Start | session id:sess4834627 | ELibrary:Welcome | wecome start | Welcome Announcement start |  |  | undefined
02/02/2023 17:37:07:558  INFO - In Progress | session id:sess4834627 | ELibrary:Welcome | Welcome | Welcome Announcement Stop |  |  | undefined
02/02/2023 17:37:07:731  INFO - Node Entry | session id:sess4834627 | ELibrary:langMenu | Framework | langMenu |  |  | undefined
02/02/2023 17:37:25:333  INFO - Node Entry | session id:sess4834627 | ELibrary:hangupData | Framework | hangupData |  |  | undefined
02/02/2023 17:37:25:394  INFO - Node Entry | session id:sess4834627 | ELibrary:ivrInfoData | Framework | ivrInfoData |  |  | undefined
02/02/2023 17:37:25:455  INFO - Node Entry | session id:sess4834627 | ELibrary:Exit | Framework | Exit |  |  | undefined
02/02/2023 17:37:25:456  INFO - End | session id:sess4834627 | ELibrary:Exit | CallEnd | Call End here |  |  | undefined
02/02/2023 17:37:25:456  INFO - Application Exit | session id:sess4834627 | ELibrary:Exit | Framework | Application Exiting |  |  | undefined
02/02/2023 17:48:56:179  INFO - Node Entry | session id:sess8888767 | ELibrary:Start | Framework | Start |  |  | 
02/02/2023 17:48:56:391  INFO - Node Entry | session id:sess8888767 | ELibrary:Welcome | Framework | Welcome |  |  | undefined
02/02/2023 17:48:56:453  INFO - Start | session id:sess8888767 | ELibrary:Welcome | wecome start | Welcome Announcement start |  |  | undefined
02/02/2023 17:48:56:454  INFO - In Progress | session id:sess8888767 | ELibrary:Welcome | Welcome | Welcome Announcement Stop |  |  | undefined
02/02/2023 17:49:01:896  INFO - Node Entry | session id:sess8888767 | ELibrary:langMenu | Framework | langMenu |  |  | undefined
02/02/2023 17:49:12:605  INFO - Node Entry | session id:sess8888767 | ELibrary:LanguageAnnounce | Framework | LanguageAnnounce | langMenu___utterance | 1^0.949999988079071^0^0 | undefined
02/02/2023 17:49:15:326  INFO - Node Entry | session id:sess8888767 | ELibrary:userMenu | Framework | userMenu |  |  | undefined
02/02/2023 17:49:49:658  INFO - Node Entry | session id:sess8888767 | ELibrary:hangupData | Framework | hangupData |  |  | undefined
02/02/2023 17:49:49:720  INFO - Node Entry | session id:sess8888767 | ELibrary:ivrInfoData | Framework | ivrInfoData |  |  | undefined
02/02/2023 17:49:49:797  INFO - Node Entry | session id:sess8888767 | ELibrary:Exit | Framework | Exit |  |  | undefined
02/02/2023 17:49:49:799  INFO - End | session id:sess8888767 | ELibrary:Exit | CallEnd | Call End here |  |  | undefined
02/02/2023 17:49:49:799  INFO - Application Exit | session id:sess8888767 | ELibrary:Exit | Framework | Application Exiting |  |  | undefined
02/02/2023 17:53:46:019  INFO - Node Entry | session id:sess2558336 | ELibrary:Start | Framework | Start |  |  | 
02/02/2023 17:53:46:280  INFO - Node Entry | session id:sess2558336 | ELibrary:Welcome | Framework | Welcome |  |  | undefined
02/02/2023 17:53:46:365  INFO - Start | session id:sess2558336 | ELibrary:Welcome | wecome start | Welcome Announcement start |  |  | undefined
02/02/2023 17:53:46:366  INFO - In Progress | session id:sess2558336 | ELibrary:Welcome | Welcome | Welcome Announcement Stop |  |  | undefined
02/02/2023 17:53:51:848  INFO - Node Entry | session id:sess2558336 | ELibrary:langMenu | Framework | langMenu |  |  | undefined
02/02/2023 17:54:01:162  INFO - Node Entry | session id:sess2558336 | ELibrary:LanguageAnnounce | Framework | LanguageAnnounce | langMenu___utterance | 1^0.949999988079071^0^0 | undefined
02/02/2023 17:54:01:241  INFO - Node Entry | session id:sess2558336 | ELibrary:userMenu | Framework | userMenu |  |  | undefined
02/02/2023 17:54:15:440  INFO - Node Entry | session id:sess2558336 | ELibrary:hangupData | Framework | hangupData |  |  | undefined
02/02/2023 17:54:15:502  INFO - Node Entry | session id:sess2558336 | ELibrary:ivrInfoData | Framework | ivrInfoData |  |  | undefined
02/02/2023 17:54:15:581  INFO - Node Entry | session id:sess2558336 | ELibrary:Exit | Framework | Exit |  |  | undefined
02/02/2023 17:54:15:583  INFO - End | session id:sess2558336 | ELibrary:Exit | CallEnd | Call End here |  |  | undefined
02/02/2023 17:54:15:583  INFO - Application Exit | session id:sess2558336 | ELibrary:Exit | Framework | Application Exiting |  |  | undefined
02/02/2023 17:56:13:957  INFO - Node Entry | session id:sess2059076 | ELibrary:Start | Framework | Start |  |  | 
02/02/2023 17:56:14:205  INFO - Node Entry | session id:sess2059076 | ELibrary:Welcome | Framework | Welcome |  |  | undefined
02/02/2023 17:56:14:263  INFO - Start | session id:sess2059076 | ELibrary:Welcome | wecome start | Welcome Announcement start |  |  | undefined
02/02/2023 17:56:14:263  INFO - In Progress | session id:sess2059076 | ELibrary:Welcome | Welcome | Welcome Announcement Stop |  |  | undefined
02/02/2023 17:56:19:796  INFO - Node Entry | session id:sess2059076 | ELibrary:langMenu | Framework | langMenu |  |  | undefined
02/02/2023 17:56:28:788  INFO - Node Entry | session id:sess2059076 | ELibrary:LanguageAnnounce | Framework | LanguageAnnounce | langMenu___utterance | 1^0.949999988079071^0^0 | undefined
02/02/2023 17:56:28:864  INFO - Node Entry | session id:sess2059076 | ELibrary:userMenu | Framework | userMenu |  |  | undefined
02/02/2023 17:56:40:338  INFO - Node Entry | session id:sess2059076 | ELibrary:hangupData | Framework | hangupData |  |  | undefined
02/02/2023 17:56:40:400  INFO - Node Entry | session id:sess2059076 | ELibrary:ivrInfoData | Framework | ivrInfoData |  |  | undefined
02/02/2023 17:56:40:462  INFO - Node Entry | session id:sess2059076 | ELibrary:Exit | Framework | Exit |  |  | undefined
02/02/2023 17:56:40:463  INFO - End | session id:sess2059076 | ELibrary:Exit | CallEnd | Call End here |  |  | undefined
02/02/2023 17:56:40:463  INFO - Application Exit | session id:sess2059076 | ELibrary:Exit | Framework | Application Exiting |  |  | undefined
02/02/2023 18:05:03:954  INFO - Node Entry | session id:sess931472 | ELibrary:Start | Framework | Start |  |  | 
02/02/2023 18:05:04:251  INFO - Node Entry | session id:sess931472 | ELibrary:Welcome | Framework | Welcome |  |  | undefined
02/02/2023 18:05:04:336  INFO - Start | session id:sess931472 | ELibrary:Welcome | wecome start | Welcome Announcement start |  |  | undefined
02/02/2023 18:05:04:337  INFO - In Progress | session id:sess931472 | ELibrary:Welcome | Welcome | Welcome Announcement Stop |  |  | undefined
02/02/2023 18:05:09:815  INFO - Node Entry | session id:sess931472 | ELibrary:langMenu | Framework | langMenu |  |  | undefined
02/02/2023 18:05:25:405  INFO - Node Entry | session id:sess931472 | ELibrary:LanguageAnnounce | Framework | LanguageAnnounce | langMenu___utterance | 1^0.949999988079071^0^0 | undefined
02/02/2023 18:05:25:483  INFO - Node Entry | session id:sess931472 | ELibrary:userMenu | Framework | userMenu |  |  | undefined
